2014-11-15 16:33:03,635 [Worker-4] INFO  o.e.m.c.i.l.LifecycleMappingFactory - Using org.eclipse.m2e.jdt.JarLifecycleMapping lifecycle mapping for MavenProject: br.org.mw:treino-redis:0.0.1-SNAPSHOT @ /home/mw/MEGA/Dev/Git/estudos/redis/treino-redis/pom.xml.
2014-11-15 16:33:04,305 [Worker-4] INFO  o.e.m.j.i.AbstractJavaProjectConfigurator - Adding source folder /treino-redis/src/main/java
2014-11-15 16:33:04,309 [Worker-4] INFO  o.e.m.j.i.AbstractJavaProjectConfigurator - Adding resource folder /treino-redis/src/main/resources
2014-11-15 16:33:04,311 [Worker-4] INFO  o.e.m.j.i.AbstractJavaProjectConfigurator - Adding source folder /treino-redis/src/test/java
2014-11-15 16:33:04,311 [Worker-4] INFO  o.e.m.j.i.AbstractJavaProjectConfigurator - Adding resource folder /treino-redis/src/test/resources
2014-11-15 16:33:05,063 [Worker-2] INFO  o.e.m.c.i.l.LifecycleMappingFactory - Using org.eclipse.m2e.jdt.JarLifecycleMapping lifecycle mapping for MavenProject: br.org.mw:treino-redis:0.0.1-SNAPSHOT @ /home/mw/MEGA/Dev/Git/estudos/redis/treino-redis/pom.xml.
2014-11-15 16:33:07,760 [Worker-4] INFO  o.e.m.c.i.l.LifecycleMappingFactory - Using org.eclipse.m2e.jdt.JarLifecycleMapping lifecycle mapping for MavenProject: br.org.mw:treino-redis:0.0.1-SNAPSHOT @ /home/mw/MEGA/Dev/Git/estudos/redis/treino-redis/pom.xml.
2014-11-15 16:33:07,951 [Worker-4] WARN  o.e.m.c.i.embedder.EclipseLogger - Using platform encoding (UTF-8 actually) to copy filtered resources, i.e. build is platform dependent!
2014-11-15 16:33:07,980 [Worker-4] INFO  o.e.m.c.i.embedder.EclipseLogger - Copying 0 resource
2014-11-15 16:33:07,989 [Worker-4] WARN  o.e.m.c.i.embedder.EclipseLogger - Using platform encoding (UTF-8 actually) to copy filtered resources, i.e. build is platform dependent!
2014-11-15 16:33:07,991 [Worker-4] INFO  o.e.m.c.i.embedder.EclipseLogger - Copying 0 resource
2014-11-15 16:33:27,752 [Worker-2] INFO  o.e.m.c.i.p.ProjectConfigurationManager - Update started
2014-11-15 16:33:27,978 [Worker-2] INFO  o.e.m.c.i.l.LifecycleMappingFactory - Using org.eclipse.m2e.jdt.JarLifecycleMapping lifecycle mapping for MavenProject: br.org.mw:treino-redis:0.0.1-SNAPSHOT @ /home/mw/MEGA/Dev/Git/estudos/redis/treino-redis/pom.xml.
2014-11-15 16:33:28,091 [Worker-2] INFO  o.e.m.j.i.AbstractJavaProjectConfigurator - Adding source folder /treino-redis/src/main/java
2014-11-15 16:33:28,092 [Worker-2] INFO  o.e.m.j.i.AbstractJavaProjectConfigurator - Adding resource folder /treino-redis/src/main/resources
2014-11-15 16:33:28,107 [Worker-2] INFO  o.e.m.j.i.AbstractJavaProjectConfigurator - Adding source folder /treino-redis/src/test/java
2014-11-15 16:33:28,108 [Worker-2] INFO  o.e.m.j.i.AbstractJavaProjectConfigurator - Adding resource folder /treino-redis/src/test/resources
2014-11-15 16:33:28,277 [Worker-2] INFO  o.e.m.c.i.p.ProjectConfigurationManager - Update completed: 0 sec
2014-11-15 16:33:28,495 [Worker-2] WARN  o.e.m.c.i.embedder.EclipseLogger - Using platform encoding (UTF-8 actually) to copy filtered resources, i.e. build is platform dependent!
2014-11-15 16:33:28,503 [Worker-2] INFO  o.e.m.c.i.embedder.EclipseLogger - Copying 0 resource
2014-11-15 16:33:28,510 [Worker-2] WARN  o.e.m.c.i.embedder.EclipseLogger - Using platform encoding (UTF-8 actually) to copy filtered resources, i.e. build is platform dependent!
2014-11-15 16:33:28,511 [Worker-2] INFO  o.e.m.c.i.embedder.EclipseLogger - Copying 0 resource
2014-11-15 16:40:38,542 [Worker-5] INFO  o.e.m.c.i.l.LifecycleMappingFactory - Using org.eclipse.m2e.jdt.JarLifecycleMapping lifecycle mapping for MavenProject: br.org.mw:treino-redis:0.0.1-SNAPSHOT @ /home/mw/MEGA/Dev/Git/estudos/redis/treino-redis/pom.xml.
2014-11-15 16:40:38,846 [Worker-5] WARN  o.e.m.c.i.embedder.EclipseLogger - Using platform encoding (UTF-8 actually) to copy filtered resources, i.e. build is platform dependent!
2014-11-15 16:40:38,851 [Worker-5] INFO  o.e.m.c.i.embedder.EclipseLogger - Copying 0 resource
2014-11-15 16:40:38,855 [Worker-5] WARN  o.e.m.c.i.embedder.EclipseLogger - Using platform encoding (UTF-8 actually) to copy filtered resources, i.e. build is platform dependent!
2014-11-15 16:40:38,857 [Worker-5] INFO  o.e.m.c.i.embedder.EclipseLogger - Copying 0 resource
2014-11-15 16:41:23,441 [Worker-7] INFO  o.e.m.c.i.l.LifecycleMappingFactory - Using org.eclipse.m2e.jdt.JarLifecycleMapping lifecycle mapping for MavenProject: br.org.mw:treino-redis:0.0.1-SNAPSHOT @ /home/mw/MEGA/Dev/Git/estudos/redis/treino-redis/pom.xml.
2014-11-15 16:41:23,757 [Worker-4] INFO  o.e.m.c.i.e.AbstractTransferListenerAdapter - Downloading http://repo.maven.apache.org/maven2/redis/clients/jedis/2.4.2/jedis-2.4.2.pom
2014-11-15 16:41:24,169 [Worker-4] INFO  o.e.m.c.i.e.AbstractTransferListenerAdapter - Downloaded http://repo.maven.apache.org/maven2/redis/clients/jedis/2.4.2/jedis-2.4.2.pom
2014-11-15 16:41:24,400 [Worker-4] INFO  o.e.m.c.i.e.AbstractTransferListenerAdapter - Downloading http://repo.maven.apache.org/maven2/org/sonatype/oss/oss-parent/7/oss-parent-7.pom
2014-11-15 16:41:24,797 [Worker-4] INFO  o.e.m.c.i.e.AbstractTransferListenerAdapter - Downloaded http://repo.maven.apache.org/maven2/org/sonatype/oss/oss-parent/7/oss-parent-7.pom
2014-11-15 16:41:25,025 [Worker-4] INFO  o.e.m.c.i.e.AbstractTransferListenerAdapter - Downloading http://repo.maven.apache.org/maven2/org/apache/commons/commons-pool2/2.0/commons-pool2-2.0.pom
2014-11-15 16:41:25,450 [Worker-4] INFO  o.e.m.c.i.e.AbstractTransferListenerAdapter - Downloaded http://repo.maven.apache.org/maven2/org/apache/commons/commons-pool2/2.0/commons-pool2-2.0.pom
2014-11-15 16:41:25,678 [Worker-7] INFO  o.e.m.c.i.e.AbstractTransferListenerAdapter - Downloading http://repo.maven.apache.org/maven2/org/apache/commons/commons-parent/28/commons-parent-28.pom
2014-11-15 16:41:26,497 [Worker-7] INFO  o.e.m.c.i.e.AbstractTransferListenerAdapter - Downloaded http://repo.maven.apache.org/maven2/org/apache/commons/commons-parent/28/commons-parent-28.pom
2014-11-15 16:41:26,732 [Worker-4] INFO  o.e.m.c.i.e.AbstractTransferListenerAdapter - Downloading http://repo.maven.apache.org/maven2/org/apache/apache/13/apache-13.pom
2014-11-15 16:41:27,136 [Worker-4] INFO  o.e.m.c.i.e.AbstractTransferListenerAdapter - Downloaded http://repo.maven.apache.org/maven2/org/apache/apache/13/apache-13.pom
2014-11-15 16:41:27,401 [Worker-4] INFO  o.e.m.c.i.e.AbstractTransferListenerAdapter - Downloading http://repo.maven.apache.org/maven2/redis/clients/jedis/2.4.2/jedis-2.4.2.jar
2014-11-15 16:41:28,552 [Worker-4] INFO  o.e.m.c.i.e.AbstractTransferListenerAdapter - Downloaded http://repo.maven.apache.org/maven2/redis/clients/jedis/2.4.2/jedis-2.4.2.jar
2014-11-15 16:41:28,739 [Worker-4] INFO  o.e.m.c.i.e.AbstractTransferListenerAdapter - Downloading http://repo.maven.apache.org/maven2/org/apache/commons/commons-pool2/2.0/commons-pool2-2.0.jar
2014-11-15 16:41:29,216 [Worker-4] INFO  o.e.m.c.i.e.AbstractTransferListenerAdapter - Downloaded http://repo.maven.apache.org/maven2/org/apache/commons/commons-pool2/2.0/commons-pool2-2.0.jar
2014-11-15 16:41:29,759 [Worker-7] WARN  o.e.m.c.i.embedder.EclipseLogger - Using platform encoding (UTF-8 actually) to copy filtered resources, i.e. build is platform dependent!
2014-11-15 16:41:29,761 [Worker-7] INFO  o.e.m.c.i.embedder.EclipseLogger - Copying 0 resource
2014-11-15 16:41:29,771 [Worker-7] WARN  o.e.m.c.i.embedder.EclipseLogger - Using platform encoding (UTF-8 actually) to copy filtered resources, i.e. build is platform dependent!
2014-11-15 16:41:29,772 [Worker-7] INFO  o.e.m.c.i.embedder.EclipseLogger - Copying 0 resource
2014-11-15 16:42:38,022 [Worker-8] WARN  o.e.m.c.i.embedder.EclipseLogger - Using platform encoding (UTF-8 actually) to copy filtered resources, i.e. build is platform dependent!
2014-11-15 16:42:38,027 [Worker-8] INFO  o.e.m.c.i.embedder.EclipseLogger - Copying 0 resource
2014-11-15 16:42:38,037 [Worker-8] WARN  o.e.m.c.i.embedder.EclipseLogger - Using platform encoding (UTF-8 actually) to copy filtered resources, i.e. build is platform dependent!
2014-11-15 16:42:38,038 [Worker-8] INFO  o.e.m.c.i.embedder.EclipseLogger - Copying 0 resource
2014-11-15 16:43:22,546 [Worker-4] WARN  o.e.m.c.i.embedder.EclipseLogger - Using platform encoding (UTF-8 actually) to copy filtered resources, i.e. build is platform dependent!
2014-11-15 16:43:22,555 [Worker-4] INFO  o.e.m.c.i.embedder.EclipseLogger - Copying 0 resource
2014-11-15 16:43:22,561 [Worker-4] WARN  o.e.m.c.i.embedder.EclipseLogger - Using platform encoding (UTF-8 actually) to copy filtered resources, i.e. build is platform dependent!
2014-11-15 16:43:22,571 [Worker-4] INFO  o.e.m.c.i.embedder.EclipseLogger - Copying 0 resource
2014-11-15 16:43:24,062 [Worker-4] WARN  o.e.m.c.i.embedder.EclipseLogger - Using platform encoding (UTF-8 actually) to copy filtered resources, i.e. build is platform dependent!
2014-11-15 16:43:24,064 [Worker-4] INFO  o.e.m.c.i.embedder.EclipseLogger - Copying 0 resource
2014-11-15 16:43:24,074 [Worker-4] WARN  o.e.m.c.i.embedder.EclipseLogger - Using platform encoding (UTF-8 actually) to copy filtered resources, i.e. build is platform dependent!
2014-11-15 16:43:24,076 [Worker-4] INFO  o.e.m.c.i.embedder.EclipseLogger - Copying 0 resource
2014-11-15 16:44:57,576 [Worker-5] WARN  o.e.m.c.i.embedder.EclipseLogger - Using platform encoding (UTF-8 actually) to copy filtered resources, i.e. build is platform dependent!
2014-11-15 16:44:57,588 [Worker-5] INFO  o.e.m.c.i.embedder.EclipseLogger - Copying 0 resource
2014-11-15 16:44:57,603 [Worker-5] WARN  o.e.m.c.i.embedder.EclipseLogger - Using platform encoding (UTF-8 actually) to copy filtered resources, i.e. build is platform dependent!
2014-11-15 16:44:57,608 [Worker-5] INFO  o.e.m.c.i.embedder.EclipseLogger - Copying 0 resource
2014-11-15 16:45:41,969 [Worker-0] WARN  o.e.m.c.i.embedder.EclipseLogger - Using platform encoding (UTF-8 actually) to copy filtered resources, i.e. build is platform dependent!
2014-11-15 16:45:41,977 [Worker-0] INFO  o.e.m.c.i.embedder.EclipseLogger - Copying 0 resource
2014-11-15 16:45:41,993 [Worker-0] WARN  o.e.m.c.i.embedder.EclipseLogger - Using platform encoding (UTF-8 actually) to copy filtered resources, i.e. build is platform dependent!
2014-11-15 16:45:41,995 [Worker-0] INFO  o.e.m.c.i.embedder.EclipseLogger - Copying 0 resource
2014-11-15 17:04:28,257 [Worker-7] WARN  o.e.m.c.i.embedder.EclipseLogger - Using platform encoding (UTF-8 actually) to copy filtered resources, i.e. build is platform dependent!
2014-11-15 17:04:28,270 [Worker-7] INFO  o.e.m.c.i.embedder.EclipseLogger - Copying 0 resource
2014-11-15 17:04:28,296 [Worker-7] WARN  o.e.m.c.i.embedder.EclipseLogger - Using platform encoding (UTF-8 actually) to copy filtered resources, i.e. build is platform dependent!
2014-11-15 17:04:28,297 [Worker-7] INFO  o.e.m.c.i.embedder.EclipseLogger - Copying 0 resource
2014-11-15 17:04:57,314 [Worker-8] WARN  o.e.m.c.i.embedder.EclipseLogger - Using platform encoding (UTF-8 actually) to copy filtered resources, i.e. build is platform dependent!
2014-11-15 17:04:57,316 [Worker-8] INFO  o.e.m.c.i.embedder.EclipseLogger - Copying 0 resource
2014-11-15 17:04:57,355 [Worker-8] WARN  o.e.m.c.i.embedder.EclipseLogger - Using platform encoding (UTF-8 actually) to copy filtered resources, i.e. build is platform dependent!
2014-11-15 17:04:57,356 [Worker-8] INFO  o.e.m.c.i.embedder.EclipseLogger - Copying 0 resource
2014-11-15 17:08:50,952 [Worker-4] WARN  o.e.m.c.i.embedder.EclipseLogger - Using platform encoding (UTF-8 actually) to copy filtered resources, i.e. build is platform dependent!
2014-11-15 17:08:50,960 [Worker-4] INFO  o.e.m.c.i.embedder.EclipseLogger - Copying 0 resource
2014-11-15 17:08:50,978 [Worker-4] WARN  o.e.m.c.i.embedder.EclipseLogger - Using platform encoding (UTF-8 actually) to copy filtered resources, i.e. build is platform dependent!
2014-11-15 17:08:50,979 [Worker-4] INFO  o.e.m.c.i.embedder.EclipseLogger - Copying 0 resource
2014-11-15 17:09:20,552 [Worker-5] WARN  o.e.m.c.i.embedder.EclipseLogger - Using platform encoding (UTF-8 actually) to copy filtered resources, i.e. build is platform dependent!
2014-11-15 17:09:20,555 [Worker-5] INFO  o.e.m.c.i.embedder.EclipseLogger - Copying 0 resource
2014-11-15 17:09:20,561 [Worker-5] WARN  o.e.m.c.i.embedder.EclipseLogger - Using platform encoding (UTF-8 actually) to copy filtered resources, i.e. build is platform dependent!
2014-11-15 17:09:20,562 [Worker-5] INFO  o.e.m.c.i.embedder.EclipseLogger - Copying 0 resource
2014-11-15 17:12:02,271 [Worker-8] INFO  o.e.m.c.i.l.LifecycleMappingFactory - Using org.eclipse.m2e.jdt.JarLifecycleMapping lifecycle mapping for MavenProject: br.org.mw:treino-redis:0.0.1-SNAPSHOT @ /home/mw/MEGA/Dev/Git/estudos/redis/treino-redis/pom.xml.
2014-11-15 17:12:03,843 [Worker-8] INFO  o.e.m.c.i.e.AbstractTransferListenerAdapter - Downloading http://repo.maven.apache.org/maven2/junit/junit/4.11/junit-4.11.pom
2014-11-15 17:12:04,685 [Worker-8] INFO  o.e.m.c.i.e.AbstractTransferListenerAdapter - Downloaded http://repo.maven.apache.org/maven2/junit/junit/4.11/junit-4.11.pom
2014-11-15 17:12:05,051 [Worker-8] INFO  o.e.m.c.i.e.AbstractTransferListenerAdapter - Downloading http://repo.maven.apache.org/maven2/org/hamcrest/hamcrest-core/1.3/hamcrest-core-1.3.pom
2014-11-15 17:12:05,814 [Worker-8] INFO  o.e.m.c.i.e.AbstractTransferListenerAdapter - Downloaded http://repo.maven.apache.org/maven2/org/hamcrest/hamcrest-core/1.3/hamcrest-core-1.3.pom
2014-11-15 17:12:06,320 [Worker-8] INFO  o.e.m.c.i.e.AbstractTransferListenerAdapter - Downloading http://repo.maven.apache.org/maven2/org/hamcrest/hamcrest-parent/1.3/hamcrest-parent-1.3.pom
2014-11-15 17:12:07,542 [Worker-8] INFO  o.e.m.c.i.e.AbstractTransferListenerAdapter - Downloaded http://repo.maven.apache.org/maven2/org/hamcrest/hamcrest-parent/1.3/hamcrest-parent-1.3.pom
2014-11-15 17:12:07,940 [Worker-8] INFO  o.e.m.c.i.e.AbstractTransferListenerAdapter - Downloading http://repo.maven.apache.org/maven2/junit/junit/4.11/junit-4.11.jar
2014-11-15 17:12:13,930 [Worker-8] INFO  o.e.m.c.i.e.AbstractTransferListenerAdapter - Downloaded http://repo.maven.apache.org/maven2/junit/junit/4.11/junit-4.11.jar
2014-11-15 17:12:14,114 [Worker-8] INFO  o.e.m.c.i.e.AbstractTransferListenerAdapter - Downloading http://repo.maven.apache.org/maven2/org/hamcrest/hamcrest-core/1.3/hamcrest-core-1.3.jar
2014-11-15 17:12:14,743 [Worker-8] INFO  o.e.m.c.i.e.AbstractTransferListenerAdapter - Downloaded http://repo.maven.apache.org/maven2/org/hamcrest/hamcrest-core/1.3/hamcrest-core-1.3.jar
2014-11-15 17:12:15,297 [Worker-8] WARN  o.e.m.c.i.embedder.EclipseLogger - Using platform encoding (UTF-8 actually) to copy filtered resources, i.e. build is platform dependent!
2014-11-15 17:12:15,301 [Worker-8] INFO  o.e.m.c.i.embedder.EclipseLogger - Copying 0 resource
2014-11-15 17:12:15,308 [Worker-8] WARN  o.e.m.c.i.embedder.EclipseLogger - Using platform encoding (UTF-8 actually) to copy filtered resources, i.e. build is platform dependent!
2014-11-15 17:12:15,309 [Worker-8] INFO  o.e.m.c.i.embedder.EclipseLogger - Copying 0 resource
2014-11-15 17:12:16,713 [Worker-8] WARN  o.e.m.c.i.embedder.EclipseLogger - Using platform encoding (UTF-8 actually) to copy filtered resources, i.e. build is platform dependent!
2014-11-15 17:12:16,715 [Worker-8] INFO  o.e.m.c.i.embedder.EclipseLogger - Copying 0 resource
2014-11-15 17:12:16,720 [Worker-8] WARN  o.e.m.c.i.embedder.EclipseLogger - Using platform encoding (UTF-8 actually) to copy filtered resources, i.e. build is platform dependent!
2014-11-15 17:12:16,721 [Worker-8] INFO  o.e.m.c.i.embedder.EclipseLogger - Copying 0 resource
2014-11-15 17:14:42,358 [Worker-7] WARN  o.e.m.c.i.embedder.EclipseLogger - Using platform encoding (UTF-8 actually) to copy filtered resources, i.e. build is platform dependent!
2014-11-15 17:14:42,363 [Worker-7] INFO  o.e.m.c.i.embedder.EclipseLogger - Copying 0 resource
2014-11-15 17:14:42,371 [Worker-7] WARN  o.e.m.c.i.embedder.EclipseLogger - Using platform encoding (UTF-8 actually) to copy filtered resources, i.e. build is platform dependent!
2014-11-15 17:14:42,376 [Worker-7] INFO  o.e.m.c.i.embedder.EclipseLogger - Copying 0 resource
2014-11-15 17:15:13,217 [Worker-7] WARN  o.e.m.c.i.embedder.EclipseLogger - Using platform encoding (UTF-8 actually) to copy filtered resources, i.e. build is platform dependent!
2014-11-15 17:15:13,219 [Worker-7] INFO  o.e.m.c.i.embedder.EclipseLogger - Copying 0 resource
2014-11-15 17:15:13,236 [Worker-7] WARN  o.e.m.c.i.embedder.EclipseLogger - Using platform encoding (UTF-8 actually) to copy filtered resources, i.e. build is platform dependent!
2014-11-15 17:15:13,242 [Worker-7] INFO  o.e.m.c.i.embedder.EclipseLogger - Copying 0 resource
2014-11-15 17:17:07,929 [Worker-0] WARN  o.e.m.c.i.embedder.EclipseLogger - Using platform encoding (UTF-8 actually) to copy filtered resources, i.e. build is platform dependent!
2014-11-15 17:17:07,934 [Worker-0] INFO  o.e.m.c.i.embedder.EclipseLogger - Copying 0 resource
2014-11-15 17:17:07,946 [Worker-0] WARN  o.e.m.c.i.embedder.EclipseLogger - Using platform encoding (UTF-8 actually) to copy filtered resources, i.e. build is platform dependent!
2014-11-15 17:17:07,949 [Worker-0] INFO  o.e.m.c.i.embedder.EclipseLogger - Copying 0 resource
2014-11-15 17:29:41,575 [Worker-5] WARN  o.e.m.c.i.embedder.EclipseLogger - Using platform encoding (UTF-8 actually) to copy filtered resources, i.e. build is platform dependent!
2014-11-15 17:29:41,583 [Worker-5] INFO  o.e.m.c.i.embedder.EclipseLogger - Copying 0 resource
2014-11-15 17:29:41,596 [Worker-5] WARN  o.e.m.c.i.embedder.EclipseLogger - Using platform encoding (UTF-8 actually) to copy filtered resources, i.e. build is platform dependent!
2014-11-15 17:29:41,607 [Worker-5] INFO  o.e.m.c.i.embedder.EclipseLogger - Copying 0 resource
2014-11-15 17:31:38,090 [Worker-10] WARN  o.e.m.c.i.embedder.EclipseLogger - Using platform encoding (UTF-8 actually) to copy filtered resources, i.e. build is platform dependent!
2014-11-15 17:31:38,093 [Worker-10] INFO  o.e.m.c.i.embedder.EclipseLogger - Copying 0 resource
2014-11-15 17:31:38,106 [Worker-10] WARN  o.e.m.c.i.embedder.EclipseLogger - Using platform encoding (UTF-8 actually) to copy filtered resources, i.e. build is platform dependent!
2014-11-15 17:31:38,116 [Worker-10] INFO  o.e.m.c.i.embedder.EclipseLogger - Copying 0 resource
2014-11-15 17:31:43,791 [Worker-5] WARN  o.e.m.c.i.embedder.EclipseLogger - Using platform encoding (UTF-8 actually) to copy filtered resources, i.e. build is platform dependent!
2014-11-15 17:31:43,795 [Worker-5] INFO  o.e.m.c.i.embedder.EclipseLogger - Copying 0 resource
2014-11-15 17:31:43,815 [Worker-5] WARN  o.e.m.c.i.embedder.EclipseLogger - Using platform encoding (UTF-8 actually) to copy filtered resources, i.e. build is platform dependent!
2014-11-15 17:31:43,817 [Worker-5] INFO  o.e.m.c.i.embedder.EclipseLogger - Copying 0 resource
2014-11-15 17:31:50,770 [Worker-0] WARN  o.e.m.c.i.embedder.EclipseLogger - Using platform encoding (UTF-8 actually) to copy filtered resources, i.e. build is platform dependent!
2014-11-15 17:31:50,773 [Worker-0] INFO  o.e.m.c.i.embedder.EclipseLogger - Copying 0 resource
2014-11-15 17:31:50,781 [Worker-0] WARN  o.e.m.c.i.embedder.EclipseLogger - Using platform encoding (UTF-8 actually) to copy filtered resources, i.e. build is platform dependent!
2014-11-15 17:31:50,783 [Worker-0] INFO  o.e.m.c.i.embedder.EclipseLogger - Copying 0 resource
2014-11-15 17:32:04,731 [Worker-7] WARN  o.e.m.c.i.embedder.EclipseLogger - Using platform encoding (UTF-8 actually) to copy filtered resources, i.e. build is platform dependent!
2014-11-15 17:32:04,733 [Worker-7] INFO  o.e.m.c.i.embedder.EclipseLogger - Copying 0 resource
2014-11-15 17:32:04,752 [Worker-7] WARN  o.e.m.c.i.embedder.EclipseLogger - Using platform encoding (UTF-8 actually) to copy filtered resources, i.e. build is platform dependent!
2014-11-15 17:32:04,756 [Worker-7] INFO  o.e.m.c.i.embedder.EclipseLogger - Copying 0 resource
2014-11-15 17:32:40,416 [Worker-4] INFO  o.e.m.i.launch.MavenLaunchDelegate - /home/mw/MEGA/Dev/Git/estudos/redis/treino-redis
2014-11-15 17:32:40,418 [Worker-4] INFO  o.e.m.i.launch.MavenLaunchDelegate -  mvn  -B test
2014-11-15 17:33:39,247 [Worker-10] WARN  o.e.m.c.i.embedder.EclipseLogger - Using platform encoding (UTF-8 actually) to copy filtered resources, i.e. build is platform dependent!
2014-11-15 17:33:39,249 [Worker-10] INFO  o.e.m.c.i.embedder.EclipseLogger - Copying 0 resource
2014-11-15 17:33:39,253 [Worker-10] WARN  o.e.m.c.i.embedder.EclipseLogger - Using platform encoding (UTF-8 actually) to copy filtered resources, i.e. build is platform dependent!
2014-11-15 17:33:39,254 [Worker-10] INFO  o.e.m.c.i.embedder.EclipseLogger - Copying 0 resource
2014-11-15 17:36:35,681 [main] INFO  o.e.m2e.actions.ExecutePomAction - Creating new launch configuration
2014-11-15 17:36:49,758 [Worker-10] INFO  o.e.m.i.launch.MavenLaunchDelegate - /home/mw/MEGA/Dev/Git/estudos/redis/treino-redis
2014-11-15 17:36:49,759 [Worker-10] INFO  o.e.m.i.launch.MavenLaunchDelegate -  mvn  -B package
2014-11-15 17:40:24,576 [Worker-13] WARN  o.e.m.c.i.embedder.EclipseLogger - Using platform encoding (UTF-8 actually) to copy filtered resources, i.e. build is platform dependent!
2014-11-15 17:40:24,580 [Worker-13] INFO  o.e.m.c.i.embedder.EclipseLogger - Copying 0 resource
2014-11-15 17:40:24,594 [Worker-13] WARN  o.e.m.c.i.embedder.EclipseLogger - Using platform encoding (UTF-8 actually) to copy filtered resources, i.e. build is platform dependent!
2014-11-15 17:40:24,602 [Worker-13] INFO  o.e.m.c.i.embedder.EclipseLogger - Copying 0 resource
2014-11-15 17:40:47,710 [Worker-14] INFO  o.e.m.c.i.l.LifecycleMappingFactory - Using org.eclipse.m2e.jdt.JarLifecycleMapping lifecycle mapping for MavenProject: br.org.mw:treino-redis:0.0.1-SNAPSHOT @ /home/mw/MEGA/Dev/Git/estudos/redis/treino-redis/pom.xml.
2014-11-15 17:40:48,154 [Worker-14] WARN  o.e.m.c.i.embedder.EclipseLogger - Using platform encoding (UTF-8 actually) to copy filtered resources, i.e. build is platform dependent!
2014-11-15 17:40:48,156 [Worker-14] INFO  o.e.m.c.i.embedder.EclipseLogger - Copying 0 resource
2014-11-15 17:40:48,161 [Worker-14] WARN  o.e.m.c.i.embedder.EclipseLogger - Using platform encoding (UTF-8 actually) to copy filtered resources, i.e. build is platform dependent!
2014-11-15 17:40:48,163 [Worker-14] INFO  o.e.m.c.i.embedder.EclipseLogger - Copying 0 resource
2014-11-15 17:40:49,639 [Worker-14] WARN  o.e.m.c.i.embedder.EclipseLogger - Using platform encoding (UTF-8 actually) to copy filtered resources, i.e. build is platform dependent!
2014-11-15 17:40:49,641 [Worker-14] INFO  o.e.m.c.i.embedder.EclipseLogger - Copying 0 resource
2014-11-15 17:40:49,648 [Worker-14] WARN  o.e.m.c.i.embedder.EclipseLogger - Using platform encoding (UTF-8 actually) to copy filtered resources, i.e. build is platform dependent!
2014-11-15 17:40:49,651 [Worker-14] INFO  o.e.m.c.i.embedder.EclipseLogger - Copying 0 resource
2014-11-15 17:51:18,571 [Worker-18] INFO  o.e.m.i.launch.MavenLaunchDelegate - /home/mw/MEGA/Dev/Git/estudos/redis/treino-redis
2014-11-15 17:51:18,572 [Worker-18] INFO  o.e.m.i.launch.MavenLaunchDelegate -  mvn  -B clean
2014-11-15 17:51:27,080 [Worker-17] WARN  o.e.m.c.i.embedder.EclipseLogger - Using platform encoding (UTF-8 actually) to copy filtered resources, i.e. build is platform dependent!
2014-11-15 17:51:27,084 [Worker-17] INFO  o.e.m.c.i.embedder.EclipseLogger - Copying 0 resource
2014-11-15 17:51:27,094 [Worker-17] WARN  o.e.m.c.i.embedder.EclipseLogger - Using platform encoding (UTF-8 actually) to copy filtered resources, i.e. build is platform dependent!
2014-11-15 17:51:27,096 [Worker-17] INFO  o.e.m.c.i.embedder.EclipseLogger - Copying 0 resource
2014-11-15 19:20:13,034 [Worker-2] WARN  o.e.m.c.i.embedder.EclipseLogger - Using platform encoding (UTF-8 actually) to copy filtered resources, i.e. build is platform dependent!
2014-11-15 19:20:13,113 [Worker-2] INFO  o.e.m.c.i.embedder.EclipseLogger - Copying 0 resource
2014-11-15 19:20:13,126 [Worker-2] WARN  o.e.m.c.i.embedder.EclipseLogger - Using platform encoding (UTF-8 actually) to copy filtered resources, i.e. build is platform dependent!
2014-11-15 19:20:13,138 [Worker-2] INFO  o.e.m.c.i.embedder.EclipseLogger - Copying 0 resource
2014-11-15 19:23:50,567 [Worker-5] WARN  o.e.m.c.i.embedder.EclipseLogger - Using platform encoding (UTF-8 actually) to copy filtered resources, i.e. build is platform dependent!
2014-11-15 19:23:50,600 [Worker-5] INFO  o.e.m.c.i.embedder.EclipseLogger - Copying 0 resource
2014-11-15 19:23:50,617 [Worker-5] WARN  o.e.m.c.i.embedder.EclipseLogger - Using platform encoding (UTF-8 actually) to copy filtered resources, i.e. build is platform dependent!
2014-11-15 19:23:50,620 [Worker-5] INFO  o.e.m.c.i.embedder.EclipseLogger - Copying 0 resource
2014-11-15 19:24:05,349 [Worker-2] WARN  o.e.m.c.i.embedder.EclipseLogger - Using platform encoding (UTF-8 actually) to copy filtered resources, i.e. build is platform dependent!
2014-11-15 19:24:05,356 [Worker-2] INFO  o.e.m.c.i.embedder.EclipseLogger - Copying 0 resource
2014-11-15 19:24:05,361 [Worker-2] WARN  o.e.m.c.i.embedder.EclipseLogger - Using platform encoding (UTF-8 actually) to copy filtered resources, i.e. build is platform dependent!
2014-11-15 19:24:05,363 [Worker-2] INFO  o.e.m.c.i.embedder.EclipseLogger - Copying 0 resource
2014-11-15 19:35:58,852 [Worker-2] WARN  o.e.m.c.i.embedder.EclipseLogger - Using platform encoding (UTF-8 actually) to copy filtered resources, i.e. build is platform dependent!
2014-11-15 19:35:58,862 [Worker-2] INFO  o.e.m.c.i.embedder.EclipseLogger - Copying 0 resource
2014-11-15 19:35:58,876 [Worker-2] WARN  o.e.m.c.i.embedder.EclipseLogger - Using platform encoding (UTF-8 actually) to copy filtered resources, i.e. build is platform dependent!
2014-11-15 19:35:58,883 [Worker-2] INFO  o.e.m.c.i.embedder.EclipseLogger - Copying 0 resource
2014-11-15 19:37:28,301 [Worker-5] WARN  o.e.m.c.i.embedder.EclipseLogger - Using platform encoding (UTF-8 actually) to copy filtered resources, i.e. build is platform dependent!
2014-11-15 19:37:28,310 [Worker-5] INFO  o.e.m.c.i.embedder.EclipseLogger - Copying 0 resource
2014-11-15 19:37:28,319 [Worker-5] WARN  o.e.m.c.i.embedder.EclipseLogger - Using platform encoding (UTF-8 actually) to copy filtered resources, i.e. build is platform dependent!
2014-11-15 19:37:28,321 [Worker-5] INFO  o.e.m.c.i.embedder.EclipseLogger - Copying 0 resource
2014-11-15 19:38:35,544 [Worker-1] WARN  o.e.m.c.i.embedder.EclipseLogger - Using platform encoding (UTF-8 actually) to copy filtered resources, i.e. build is platform dependent!
2014-11-15 19:38:35,547 [Worker-1] INFO  o.e.m.c.i.embedder.EclipseLogger - Copying 0 resource
2014-11-15 19:38:35,561 [Worker-1] WARN  o.e.m.c.i.embedder.EclipseLogger - Using platform encoding (UTF-8 actually) to copy filtered resources, i.e. build is platform dependent!
2014-11-15 19:38:35,573 [Worker-1] INFO  o.e.m.c.i.embedder.EclipseLogger - Copying 0 resource
2014-11-15 19:38:49,203 [Worker-4] WARN  o.e.m.c.i.embedder.EclipseLogger - Using platform encoding (UTF-8 actually) to copy filtered resources, i.e. build is platform dependent!
2014-11-15 19:38:49,208 [Worker-4] INFO  o.e.m.c.i.embedder.EclipseLogger - Copying 0 resource
2014-11-15 19:38:49,219 [Worker-4] WARN  o.e.m.c.i.embedder.EclipseLogger - Using platform encoding (UTF-8 actually) to copy filtered resources, i.e. build is platform dependent!
2014-11-15 19:38:49,221 [Worker-4] INFO  o.e.m.c.i.embedder.EclipseLogger - Copying 0 resource
2014-11-15 19:39:08,568 [Worker-4] WARN  o.e.m.c.i.embedder.EclipseLogger - Using platform encoding (UTF-8 actually) to copy filtered resources, i.e. build is platform dependent!
2014-11-15 19:39:08,572 [Worker-4] INFO  o.e.m.c.i.embedder.EclipseLogger - Copying 0 resource
2014-11-15 19:39:08,583 [Worker-4] WARN  o.e.m.c.i.embedder.EclipseLogger - Using platform encoding (UTF-8 actually) to copy filtered resources, i.e. build is platform dependent!
2014-11-15 19:39:08,584 [Worker-4] INFO  o.e.m.c.i.embedder.EclipseLogger - Copying 0 resource
2014-11-15 19:41:12,963 [Worker-1] WARN  o.e.m.c.i.embedder.EclipseLogger - Using platform encoding (UTF-8 actually) to copy filtered resources, i.e. build is platform dependent!
2014-11-15 19:41:12,969 [Worker-1] INFO  o.e.m.c.i.embedder.EclipseLogger - Copying 0 resource
2014-11-15 19:41:12,976 [Worker-1] WARN  o.e.m.c.i.embedder.EclipseLogger - Using platform encoding (UTF-8 actually) to copy filtered resources, i.e. build is platform dependent!
2014-11-15 19:41:12,977 [Worker-1] INFO  o.e.m.c.i.embedder.EclipseLogger - Copying 0 resource
2014-11-15 19:41:54,588 [Worker-7] WARN  o.e.m.c.i.embedder.EclipseLogger - Using platform encoding (UTF-8 actually) to copy filtered resources, i.e. build is platform dependent!
2014-11-15 19:41:54,591 [Worker-7] INFO  o.e.m.c.i.embedder.EclipseLogger - Copying 0 resource
2014-11-15 19:41:54,608 [Worker-7] WARN  o.e.m.c.i.embedder.EclipseLogger - Using platform encoding (UTF-8 actually) to copy filtered resources, i.e. build is platform dependent!
2014-11-15 19:41:54,618 [Worker-7] INFO  o.e.m.c.i.embedder.EclipseLogger - Copying 0 resource
2014-11-15 19:56:43,507 [Worker-1] WARN  o.e.m.c.i.embedder.EclipseLogger - Using platform encoding (UTF-8 actually) to copy filtered resources, i.e. build is platform dependent!
2014-11-15 19:56:43,510 [Worker-1] INFO  o.e.m.c.i.embedder.EclipseLogger - Copying 0 resource
2014-11-15 19:56:43,515 [Worker-1] WARN  o.e.m.c.i.embedder.EclipseLogger - Using platform encoding (UTF-8 actually) to copy filtered resources, i.e. build is platform dependent!
2014-11-15 19:56:43,517 [Worker-1] INFO  o.e.m.c.i.embedder.EclipseLogger - Copying 0 resource
2014-11-15 19:57:43,830 [Worker-4] WARN  o.e.m.c.i.embedder.EclipseLogger - Using platform encoding (UTF-8 actually) to copy filtered resources, i.e. build is platform dependent!
2014-11-15 19:57:43,832 [Worker-4] INFO  o.e.m.c.i.embedder.EclipseLogger - Copying 0 resource
2014-11-15 19:57:43,837 [Worker-4] WARN  o.e.m.c.i.embedder.EclipseLogger - Using platform encoding (UTF-8 actually) to copy filtered resources, i.e. build is platform dependent!
2014-11-15 19:57:43,839 [Worker-4] INFO  o.e.m.c.i.embedder.EclipseLogger - Copying 0 resource
2014-11-15 19:59:36,718 [Worker-9] WARN  o.e.m.c.i.embedder.EclipseLogger - Using platform encoding (UTF-8 actually) to copy filtered resources, i.e. build is platform dependent!
2014-11-15 19:59:36,721 [Worker-9] INFO  o.e.m.c.i.embedder.EclipseLogger - Copying 0 resource
2014-11-15 19:59:36,731 [Worker-9] WARN  o.e.m.c.i.embedder.EclipseLogger - Using platform encoding (UTF-8 actually) to copy filtered resources, i.e. build is platform dependent!
2014-11-15 19:59:36,733 [Worker-9] INFO  o.e.m.c.i.embedder.EclipseLogger - Copying 0 resource
2014-11-15 20:01:09,345 [Worker-7] WARN  o.e.m.c.i.embedder.EclipseLogger - Using platform encoding (UTF-8 actually) to copy filtered resources, i.e. build is platform dependent!
2014-11-15 20:01:09,347 [Worker-7] INFO  o.e.m.c.i.embedder.EclipseLogger - Copying 0 resource
2014-11-15 20:01:09,352 [Worker-7] WARN  o.e.m.c.i.embedder.EclipseLogger - Using platform encoding (UTF-8 actually) to copy filtered resources, i.e. build is platform dependent!
2014-11-15 20:01:09,354 [Worker-7] INFO  o.e.m.c.i.embedder.EclipseLogger - Copying 0 resource
2014-11-15 20:02:22,664 [Worker-7] WARN  o.e.m.c.i.embedder.EclipseLogger - Using platform encoding (UTF-8 actually) to copy filtered resources, i.e. build is platform dependent!
2014-11-15 20:02:22,667 [Worker-7] INFO  o.e.m.c.i.embedder.EclipseLogger - Copying 0 resource
2014-11-15 20:02:22,671 [Worker-7] WARN  o.e.m.c.i.embedder.EclipseLogger - Using platform encoding (UTF-8 actually) to copy filtered resources, i.e. build is platform dependent!
2014-11-15 20:02:22,673 [Worker-7] INFO  o.e.m.c.i.embedder.EclipseLogger - Copying 0 resource
2014-11-15 20:02:37,210 [Worker-9] WARN  o.e.m.c.i.embedder.EclipseLogger - Using platform encoding (UTF-8 actually) to copy filtered resources, i.e. build is platform dependent!
2014-11-15 20:02:37,217 [Worker-9] INFO  o.e.m.c.i.embedder.EclipseLogger - Copying 0 resource
2014-11-15 20:02:37,224 [Worker-9] WARN  o.e.m.c.i.embedder.EclipseLogger - Using platform encoding (UTF-8 actually) to copy filtered resources, i.e. build is platform dependent!
2014-11-15 20:02:37,226 [Worker-9] INFO  o.e.m.c.i.embedder.EclipseLogger - Copying 0 resource
2014-11-15 20:03:02,011 [Worker-1] WARN  o.e.m.c.i.embedder.EclipseLogger - Using platform encoding (UTF-8 actually) to copy filtered resources, i.e. build is platform dependent!
2014-11-15 20:03:02,013 [Worker-1] INFO  o.e.m.c.i.embedder.EclipseLogger - Copying 0 resource
2014-11-15 20:03:02,022 [Worker-1] WARN  o.e.m.c.i.embedder.EclipseLogger - Using platform encoding (UTF-8 actually) to copy filtered resources, i.e. build is platform dependent!
2014-11-15 20:03:02,023 [Worker-1] INFO  o.e.m.c.i.embedder.EclipseLogger - Copying 0 resource
2014-11-15 20:03:17,308 [Worker-9] WARN  o.e.m.c.i.embedder.EclipseLogger - Using platform encoding (UTF-8 actually) to copy filtered resources, i.e. build is platform dependent!
2014-11-15 20:03:17,310 [Worker-9] INFO  o.e.m.c.i.embedder.EclipseLogger - Copying 0 resource
2014-11-15 20:03:17,326 [Worker-9] WARN  o.e.m.c.i.embedder.EclipseLogger - Using platform encoding (UTF-8 actually) to copy filtered resources, i.e. build is platform dependent!
2014-11-15 20:03:17,328 [Worker-9] INFO  o.e.m.c.i.embedder.EclipseLogger - Copying 0 resource
2014-11-15 20:07:55,561 [main] WARN  o.e.r.i.c.rcp.TypeBindingAnalyzer - Can't handle class org.eclipse.jdt.internal.compiler.ast.ForStatement as parent of completion location.
2014-11-15 20:08:42,723 [Worker-4] WARN  o.e.m.c.i.embedder.EclipseLogger - Using platform encoding (UTF-8 actually) to copy filtered resources, i.e. build is platform dependent!
2014-11-15 20:08:42,725 [Worker-4] INFO  o.e.m.c.i.embedder.EclipseLogger - Copying 0 resource
2014-11-15 20:08:42,748 [Worker-4] WARN  o.e.m.c.i.embedder.EclipseLogger - Using platform encoding (UTF-8 actually) to copy filtered resources, i.e. build is platform dependent!
2014-11-15 20:08:42,757 [Worker-4] INFO  o.e.m.c.i.embedder.EclipseLogger - Copying 0 resource
2014-11-15 20:10:15,779 [Worker-2] WARN  o.e.m.c.i.embedder.EclipseLogger - Using platform encoding (UTF-8 actually) to copy filtered resources, i.e. build is platform dependent!
2014-11-15 20:10:15,782 [Worker-2] INFO  o.e.m.c.i.embedder.EclipseLogger - Copying 0 resource
2014-11-15 20:10:15,787 [Worker-2] WARN  o.e.m.c.i.embedder.EclipseLogger - Using platform encoding (UTF-8 actually) to copy filtered resources, i.e. build is platform dependent!
2014-11-15 20:10:15,789 [Worker-2] INFO  o.e.m.c.i.embedder.EclipseLogger - Copying 0 resource
2014-11-15 20:11:52,456 [Worker-2] WARN  o.e.m.c.i.embedder.EclipseLogger - Using platform encoding (UTF-8 actually) to copy filtered resources, i.e. build is platform dependent!
2014-11-15 20:11:52,459 [Worker-2] INFO  o.e.m.c.i.embedder.EclipseLogger - Copying 0 resource
2014-11-15 20:11:52,482 [Worker-2] WARN  o.e.m.c.i.embedder.EclipseLogger - Using platform encoding (UTF-8 actually) to copy filtered resources, i.e. build is platform dependent!
2014-11-15 20:11:52,484 [Worker-2] INFO  o.e.m.c.i.embedder.EclipseLogger - Copying 0 resource
2014-11-15 20:12:26,935 [Worker-9] WARN  o.e.m.c.i.embedder.EclipseLogger - Using platform encoding (UTF-8 actually) to copy filtered resources, i.e. build is platform dependent!
2014-11-15 20:12:26,942 [Worker-9] INFO  o.e.m.c.i.embedder.EclipseLogger - Copying 0 resource
2014-11-15 20:12:26,956 [Worker-9] WARN  o.e.m.c.i.embedder.EclipseLogger - Using platform encoding (UTF-8 actually) to copy filtered resources, i.e. build is platform dependent!
2014-11-15 20:12:26,960 [Worker-9] INFO  o.e.m.c.i.embedder.EclipseLogger - Copying 0 resource
2014-11-15 20:16:14,645 [Worker-13] WARN  o.e.m.c.i.embedder.EclipseLogger - Using platform encoding (UTF-8 actually) to copy filtered resources, i.e. build is platform dependent!
2014-11-15 20:16:14,672 [Worker-13] INFO  o.e.m.c.i.embedder.EclipseLogger - Copying 0 resource
2014-11-15 20:16:14,705 [Worker-13] WARN  o.e.m.c.i.embedder.EclipseLogger - Using platform encoding (UTF-8 actually) to copy filtered resources, i.e. build is platform dependent!
2014-11-15 20:16:14,707 [Worker-13] INFO  o.e.m.c.i.embedder.EclipseLogger - Copying 0 resource
2014-11-15 20:17:23,429 [Worker-4] WARN  o.e.m.c.i.embedder.EclipseLogger - Using platform encoding (UTF-8 actually) to copy filtered resources, i.e. build is platform dependent!
2014-11-15 20:17:23,443 [Worker-4] INFO  o.e.m.c.i.embedder.EclipseLogger - Copying 0 resource
2014-11-15 20:17:23,454 [Worker-4] WARN  o.e.m.c.i.embedder.EclipseLogger - Using platform encoding (UTF-8 actually) to copy filtered resources, i.e. build is platform dependent!
2014-11-15 20:17:23,459 [Worker-4] INFO  o.e.m.c.i.embedder.EclipseLogger - Copying 0 resource
2014-11-15 20:17:42,905 [Worker-11] WARN  o.e.m.c.i.embedder.EclipseLogger - Using platform encoding (UTF-8 actually) to copy filtered resources, i.e. build is platform dependent!
2014-11-15 20:17:42,915 [Worker-11] INFO  o.e.m.c.i.embedder.EclipseLogger - Copying 0 resource
2014-11-15 20:17:42,938 [Worker-11] WARN  o.e.m.c.i.embedder.EclipseLogger - Using platform encoding (UTF-8 actually) to copy filtered resources, i.e. build is platform dependent!
2014-11-15 20:17:42,954 [Worker-11] INFO  o.e.m.c.i.embedder.EclipseLogger - Copying 0 resource
2014-11-15 20:18:03,258 [Worker-4] WARN  o.e.m.c.i.embedder.EclipseLogger - Using platform encoding (UTF-8 actually) to copy filtered resources, i.e. build is platform dependent!
2014-11-15 20:18:03,270 [Worker-4] INFO  o.e.m.c.i.embedder.EclipseLogger - Copying 0 resource
2014-11-15 20:18:03,295 [Worker-4] WARN  o.e.m.c.i.embedder.EclipseLogger - Using platform encoding (UTF-8 actually) to copy filtered resources, i.e. build is platform dependent!
2014-11-15 20:18:03,296 [Worker-4] INFO  o.e.m.c.i.embedder.EclipseLogger - Copying 0 resource
2014-11-15 20:18:14,495 [Worker-10] WARN  o.e.m.c.i.embedder.EclipseLogger - Using platform encoding (UTF-8 actually) to copy filtered resources, i.e. build is platform dependent!
2014-11-15 20:18:14,498 [Worker-10] INFO  o.e.m.c.i.embedder.EclipseLogger - Copying 0 resource
2014-11-15 20:18:14,505 [Worker-10] WARN  o.e.m.c.i.embedder.EclipseLogger - Using platform encoding (UTF-8 actually) to copy filtered resources, i.e. build is platform dependent!
2014-11-15 20:18:14,510 [Worker-10] INFO  o.e.m.c.i.embedder.EclipseLogger - Copying 0 resource
2014-11-15 20:19:27,528 [Worker-4] WARN  o.e.m.c.i.embedder.EclipseLogger - Using platform encoding (UTF-8 actually) to copy filtered resources, i.e. build is platform dependent!
2014-11-15 20:19:27,531 [Worker-4] INFO  o.e.m.c.i.embedder.EclipseLogger - Copying 0 resource
2014-11-15 20:19:27,564 [Worker-4] WARN  o.e.m.c.i.embedder.EclipseLogger - Using platform encoding (UTF-8 actually) to copy filtered resources, i.e. build is platform dependent!
2014-11-15 20:19:27,573 [Worker-4] INFO  o.e.m.c.i.embedder.EclipseLogger - Copying 0 resource
2014-11-15 20:20:21,193 [Worker-13] WARN  o.e.m.c.i.embedder.EclipseLogger - Using platform encoding (UTF-8 actually) to copy filtered resources, i.e. build is platform dependent!
2014-11-15 20:20:21,201 [Worker-13] INFO  o.e.m.c.i.embedder.EclipseLogger - Copying 0 resource
2014-11-15 20:20:21,221 [Worker-13] WARN  o.e.m.c.i.embedder.EclipseLogger - Using platform encoding (UTF-8 actually) to copy filtered resources, i.e. build is platform dependent!
2014-11-15 20:20:21,228 [Worker-13] INFO  o.e.m.c.i.embedder.EclipseLogger - Copying 0 resource
2014-11-15 20:21:15,344 [Worker-15] WARN  o.e.m.c.i.embedder.EclipseLogger - Using platform encoding (UTF-8 actually) to copy filtered resources, i.e. build is platform dependent!
2014-11-15 20:21:15,351 [Worker-15] INFO  o.e.m.c.i.embedder.EclipseLogger - Copying 0 resource
2014-11-15 20:21:15,379 [Worker-15] WARN  o.e.m.c.i.embedder.EclipseLogger - Using platform encoding (UTF-8 actually) to copy filtered resources, i.e. build is platform dependent!
2014-11-15 20:21:15,381 [Worker-15] INFO  o.e.m.c.i.embedder.EclipseLogger - Copying 0 resource
2014-11-15 20:21:34,015 [Worker-1] WARN  o.e.m.c.i.embedder.EclipseLogger - Using platform encoding (UTF-8 actually) to copy filtered resources, i.e. build is platform dependent!
2014-11-15 20:21:34,017 [Worker-1] INFO  o.e.m.c.i.embedder.EclipseLogger - Copying 0 resource
2014-11-15 20:21:34,030 [Worker-1] WARN  o.e.m.c.i.embedder.EclipseLogger - Using platform encoding (UTF-8 actually) to copy filtered resources, i.e. build is platform dependent!
2014-11-15 20:21:34,031 [Worker-1] INFO  o.e.m.c.i.embedder.EclipseLogger - Copying 0 resource
2014-11-15 20:33:09,884 [Worker-4] WARN  o.e.m.c.i.embedder.EclipseLogger - Using platform encoding (UTF-8 actually) to copy filtered resources, i.e. build is platform dependent!
2014-11-15 20:33:09,899 [Worker-4] INFO  o.e.m.c.i.embedder.EclipseLogger - Copying 0 resource
2014-11-15 20:33:09,917 [Worker-4] WARN  o.e.m.c.i.embedder.EclipseLogger - Using platform encoding (UTF-8 actually) to copy filtered resources, i.e. build is platform dependent!
2014-11-15 20:33:09,919 [Worker-4] INFO  o.e.m.c.i.embedder.EclipseLogger - Copying 0 resource
2014-11-15 20:33:26,107 [Worker-13] WARN  o.e.m.c.i.embedder.EclipseLogger - Using platform encoding (UTF-8 actually) to copy filtered resources, i.e. build is platform dependent!
2014-11-15 20:33:26,118 [Worker-13] INFO  o.e.m.c.i.embedder.EclipseLogger - Copying 0 resource
2014-11-15 20:33:26,130 [Worker-13] WARN  o.e.m.c.i.embedder.EclipseLogger - Using platform encoding (UTF-8 actually) to copy filtered resources, i.e. build is platform dependent!
2014-11-15 20:33:26,131 [Worker-13] INFO  o.e.m.c.i.embedder.EclipseLogger - Copying 0 resource
2014-11-15 20:33:30,564 [Worker-4] WARN  o.e.m.c.i.embedder.EclipseLogger - Using platform encoding (UTF-8 actually) to copy filtered resources, i.e. build is platform dependent!
2014-11-15 20:33:30,566 [Worker-4] INFO  o.e.m.c.i.embedder.EclipseLogger - Copying 0 resource
2014-11-15 20:33:30,578 [Worker-4] WARN  o.e.m.c.i.embedder.EclipseLogger - Using platform encoding (UTF-8 actually) to copy filtered resources, i.e. build is platform dependent!
2014-11-15 20:33:30,590 [Worker-4] INFO  o.e.m.c.i.embedder.EclipseLogger - Copying 0 resource
2014-11-15 20:34:07,056 [Worker-4] WARN  o.e.m.c.i.embedder.EclipseLogger - Using platform encoding (UTF-8 actually) to copy filtered resources, i.e. build is platform dependent!
2014-11-15 20:34:07,059 [Worker-4] INFO  o.e.m.c.i.embedder.EclipseLogger - Copying 0 resource
2014-11-15 20:34:07,074 [Worker-4] WARN  o.e.m.c.i.embedder.EclipseLogger - Using platform encoding (UTF-8 actually) to copy filtered resources, i.e. build is platform dependent!
2014-11-15 20:34:07,079 [Worker-4] INFO  o.e.m.c.i.embedder.EclipseLogger - Copying 0 resource
2014-11-15 20:35:08,056 [Worker-17] WARN  o.e.m.c.i.embedder.EclipseLogger - Using platform encoding (UTF-8 actually) to copy filtered resources, i.e. build is platform dependent!
2014-11-15 20:35:08,061 [Worker-17] INFO  o.e.m.c.i.embedder.EclipseLogger - Copying 0 resource
2014-11-15 20:35:08,068 [Worker-17] WARN  o.e.m.c.i.embedder.EclipseLogger - Using platform encoding (UTF-8 actually) to copy filtered resources, i.e. build is platform dependent!
2014-11-15 20:35:08,072 [Worker-17] INFO  o.e.m.c.i.embedder.EclipseLogger - Copying 0 resource
2014-11-15 20:43:16,745 [Worker-17] WARN  o.e.m.c.i.embedder.EclipseLogger - Using platform encoding (UTF-8 actually) to copy filtered resources, i.e. build is platform dependent!
2014-11-15 20:43:16,756 [Worker-17] INFO  o.e.m.c.i.embedder.EclipseLogger - Copying 0 resource
2014-11-15 20:43:16,770 [Worker-17] WARN  o.e.m.c.i.embedder.EclipseLogger - Using platform encoding (UTF-8 actually) to copy filtered resources, i.e. build is platform dependent!
2014-11-15 20:43:16,778 [Worker-17] INFO  o.e.m.c.i.embedder.EclipseLogger - Copying 0 resource
2014-11-15 20:50:52,108 [Worker-21] WARN  o.e.m.c.i.embedder.EclipseLogger - Using platform encoding (UTF-8 actually) to copy filtered resources, i.e. build is platform dependent!
2014-11-15 20:50:52,117 [Worker-21] INFO  o.e.m.c.i.embedder.EclipseLogger - Copying 0 resource
2014-11-15 20:50:52,138 [Worker-21] WARN  o.e.m.c.i.embedder.EclipseLogger - Using platform encoding (UTF-8 actually) to copy filtered resources, i.e. build is platform dependent!
2014-11-15 20:50:52,139 [Worker-21] INFO  o.e.m.c.i.embedder.EclipseLogger - Copying 0 resource
2014-11-15 20:51:11,648 [Worker-2] WARN  o.e.m.c.i.embedder.EclipseLogger - Using platform encoding (UTF-8 actually) to copy filtered resources, i.e. build is platform dependent!
2014-11-15 20:51:11,658 [Worker-2] INFO  o.e.m.c.i.embedder.EclipseLogger - Copying 0 resource
2014-11-15 20:51:11,669 [Worker-2] WARN  o.e.m.c.i.embedder.EclipseLogger - Using platform encoding (UTF-8 actually) to copy filtered resources, i.e. build is platform dependent!
2014-11-15 20:51:11,670 [Worker-2] INFO  o.e.m.c.i.embedder.EclipseLogger - Copying 0 resource
2014-11-15 20:51:33,690 [Worker-19] WARN  o.e.m.c.i.embedder.EclipseLogger - Using platform encoding (UTF-8 actually) to copy filtered resources, i.e. build is platform dependent!
2014-11-15 20:51:33,691 [Worker-19] INFO  o.e.m.c.i.embedder.EclipseLogger - Copying 0 resource
2014-11-15 20:51:33,698 [Worker-19] WARN  o.e.m.c.i.embedder.EclipseLogger - Using platform encoding (UTF-8 actually) to copy filtered resources, i.e. build is platform dependent!
2014-11-15 20:51:33,700 [Worker-19] INFO  o.e.m.c.i.embedder.EclipseLogger - Copying 0 resource
2014-11-15 20:52:01,523 [Worker-17] WARN  o.e.m.c.i.embedder.EclipseLogger - Using platform encoding (UTF-8 actually) to copy filtered resources, i.e. build is platform dependent!
2014-11-15 20:52:01,526 [Worker-17] INFO  o.e.m.c.i.embedder.EclipseLogger - Copying 0 resource
2014-11-15 20:52:01,532 [Worker-17] WARN  o.e.m.c.i.embedder.EclipseLogger - Using platform encoding (UTF-8 actually) to copy filtered resources, i.e. build is platform dependent!
2014-11-15 20:52:01,534 [Worker-17] INFO  o.e.m.c.i.embedder.EclipseLogger - Copying 0 resource
2014-11-15 20:53:29,442 [Worker-19] WARN  o.e.m.c.i.embedder.EclipseLogger - Using platform encoding (UTF-8 actually) to copy filtered resources, i.e. build is platform dependent!
2014-11-15 20:53:29,445 [Worker-19] INFO  o.e.m.c.i.embedder.EclipseLogger - Copying 0 resource
2014-11-15 20:53:29,471 [Worker-19] WARN  o.e.m.c.i.embedder.EclipseLogger - Using platform encoding (UTF-8 actually) to copy filtered resources, i.e. build is platform dependent!
2014-11-15 20:53:29,473 [Worker-19] INFO  o.e.m.c.i.embedder.EclipseLogger - Copying 0 resource
2014-11-17 17:33:57,903 [Worker-1] WARN  o.e.m.c.i.embedder.EclipseLogger - Using platform encoding (UTF-8 actually) to copy filtered resources, i.e. build is platform dependent!
2014-11-17 17:33:57,966 [Worker-1] INFO  o.e.m.c.i.embedder.EclipseLogger - Copying 0 resource
2014-11-17 17:33:57,974 [Worker-1] WARN  o.e.m.c.i.embedder.EclipseLogger - Using platform encoding (UTF-8 actually) to copy filtered resources, i.e. build is platform dependent!
2014-11-17 17:33:57,975 [Worker-1] INFO  o.e.m.c.i.embedder.EclipseLogger - Copying 0 resource
2014-11-17 17:36:42,597 [Worker-4] WARN  o.e.m.c.i.embedder.EclipseLogger - Using platform encoding (UTF-8 actually) to copy filtered resources, i.e. build is platform dependent!
2014-11-17 17:36:42,646 [Worker-4] INFO  o.e.m.c.i.embedder.EclipseLogger - Copying 0 resource
2014-11-17 17:36:42,660 [Worker-4] WARN  o.e.m.c.i.embedder.EclipseLogger - Using platform encoding (UTF-8 actually) to copy filtered resources, i.e. build is platform dependent!
2014-11-17 17:36:42,671 [Worker-4] INFO  o.e.m.c.i.embedder.EclipseLogger - Copying 0 resource
2014-11-17 17:38:02,503 [Worker-6] WARN  o.e.m.c.i.embedder.EclipseLogger - Using platform encoding (UTF-8 actually) to copy filtered resources, i.e. build is platform dependent!
2014-11-17 17:38:02,522 [Worker-6] INFO  o.e.m.c.i.embedder.EclipseLogger - Copying 0 resource
2014-11-17 17:38:02,538 [Worker-6] WARN  o.e.m.c.i.embedder.EclipseLogger - Using platform encoding (UTF-8 actually) to copy filtered resources, i.e. build is platform dependent!
2014-11-17 17:38:02,541 [Worker-6] INFO  o.e.m.c.i.embedder.EclipseLogger - Copying 0 resource
2014-11-17 17:47:09,913 [Worker-8] WARN  o.e.m.c.i.embedder.EclipseLogger - Using platform encoding (UTF-8 actually) to copy filtered resources, i.e. build is platform dependent!
2014-11-17 17:47:09,917 [Worker-8] INFO  o.e.m.c.i.embedder.EclipseLogger - Copying 0 resource
2014-11-17 17:47:09,955 [Worker-8] WARN  o.e.m.c.i.embedder.EclipseLogger - Using platform encoding (UTF-8 actually) to copy filtered resources, i.e. build is platform dependent!
2014-11-17 17:47:09,967 [Worker-8] INFO  o.e.m.c.i.embedder.EclipseLogger - Copying 0 resource
2014-11-17 17:47:51,156 [Worker-4] WARN  o.e.m.c.i.embedder.EclipseLogger - Using platform encoding (UTF-8 actually) to copy filtered resources, i.e. build is platform dependent!
2014-11-17 17:47:51,168 [Worker-4] INFO  o.e.m.c.i.embedder.EclipseLogger - Copying 0 resource
2014-11-17 17:47:51,190 [Worker-4] WARN  o.e.m.c.i.embedder.EclipseLogger - Using platform encoding (UTF-8 actually) to copy filtered resources, i.e. build is platform dependent!
2014-11-17 17:47:51,192 [Worker-4] INFO  o.e.m.c.i.embedder.EclipseLogger - Copying 0 resource
2014-11-17 17:48:25,184 [Worker-6] WARN  o.e.m.c.i.embedder.EclipseLogger - Using platform encoding (UTF-8 actually) to copy filtered resources, i.e. build is platform dependent!
2014-11-17 17:48:25,193 [Worker-6] INFO  o.e.m.c.i.embedder.EclipseLogger - Copying 0 resource
2014-11-17 17:48:25,210 [Worker-6] WARN  o.e.m.c.i.embedder.EclipseLogger - Using platform encoding (UTF-8 actually) to copy filtered resources, i.e. build is platform dependent!
2014-11-17 17:48:25,219 [Worker-6] INFO  o.e.m.c.i.embedder.EclipseLogger - Copying 0 resource
2014-11-17 17:50:55,120 [Worker-4] WARN  o.e.m.c.i.embedder.EclipseLogger - Using platform encoding (UTF-8 actually) to copy filtered resources, i.e. build is platform dependent!
2014-11-17 17:50:55,128 [Worker-4] INFO  o.e.m.c.i.embedder.EclipseLogger - Copying 0 resource
2014-11-17 17:50:55,139 [Worker-4] WARN  o.e.m.c.i.embedder.EclipseLogger - Using platform encoding (UTF-8 actually) to copy filtered resources, i.e. build is platform dependent!
2014-11-17 17:50:55,145 [Worker-4] INFO  o.e.m.c.i.embedder.EclipseLogger - Copying 0 resource
2014-11-17 17:53:05,982 [Worker-2] WARN  o.e.m.c.i.embedder.EclipseLogger - Using platform encoding (UTF-8 actually) to copy filtered resources, i.e. build is platform dependent!
2014-11-17 17:53:05,986 [Worker-2] INFO  o.e.m.c.i.embedder.EclipseLogger - Copying 0 resource
2014-11-17 17:53:05,996 [Worker-2] WARN  o.e.m.c.i.embedder.EclipseLogger - Using platform encoding (UTF-8 actually) to copy filtered resources, i.e. build is platform dependent!
2014-11-17 17:53:05,997 [Worker-2] INFO  o.e.m.c.i.embedder.EclipseLogger - Copying 0 resource
2014-11-17 18:03:07,111 [Worker-8] WARN  o.e.m.c.i.embedder.EclipseLogger - Using platform encoding (UTF-8 actually) to copy filtered resources, i.e. build is platform dependent!
2014-11-17 18:03:07,123 [Worker-8] INFO  o.e.m.c.i.embedder.EclipseLogger - Copying 0 resource
2014-11-17 18:03:07,131 [Worker-8] WARN  o.e.m.c.i.embedder.EclipseLogger - Using platform encoding (UTF-8 actually) to copy filtered resources, i.e. build is platform dependent!
2014-11-17 18:03:07,133 [Worker-8] INFO  o.e.m.c.i.embedder.EclipseLogger - Copying 0 resource
2014-11-17 18:04:08,651 [Worker-4] WARN  o.e.m.c.i.embedder.EclipseLogger - Using platform encoding (UTF-8 actually) to copy filtered resources, i.e. build is platform dependent!
2014-11-17 18:04:08,654 [Worker-4] INFO  o.e.m.c.i.embedder.EclipseLogger - Copying 0 resource
2014-11-17 18:04:08,661 [Worker-4] WARN  o.e.m.c.i.embedder.EclipseLogger - Using platform encoding (UTF-8 actually) to copy filtered resources, i.e. build is platform dependent!
2014-11-17 18:04:08,664 [Worker-4] INFO  o.e.m.c.i.embedder.EclipseLogger - Copying 0 resource
2014-11-17 18:05:33,173 [Worker-8] WARN  o.e.m.c.i.embedder.EclipseLogger - Using platform encoding (UTF-8 actually) to copy filtered resources, i.e. build is platform dependent!
2014-11-17 18:05:33,186 [Worker-8] INFO  o.e.m.c.i.embedder.EclipseLogger - Copying 0 resource
2014-11-17 18:05:33,205 [Worker-8] WARN  o.e.m.c.i.embedder.EclipseLogger - Using platform encoding (UTF-8 actually) to copy filtered resources, i.e. build is platform dependent!
2014-11-17 18:05:33,208 [Worker-8] INFO  o.e.m.c.i.embedder.EclipseLogger - Copying 0 resource
2014-11-17 18:08:23,837 [Worker-10] WARN  o.e.m.c.i.embedder.EclipseLogger - Using platform encoding (UTF-8 actually) to copy filtered resources, i.e. build is platform dependent!
2014-11-17 18:08:23,840 [Worker-10] INFO  o.e.m.c.i.embedder.EclipseLogger - Copying 0 resource
2014-11-17 18:08:23,858 [Worker-10] WARN  o.e.m.c.i.embedder.EclipseLogger - Using platform encoding (UTF-8 actually) to copy filtered resources, i.e. build is platform dependent!
2014-11-17 18:08:23,861 [Worker-10] INFO  o.e.m.c.i.embedder.EclipseLogger - Copying 0 resource
2014-11-17 18:09:11,309 [Worker-9] WARN  o.e.m.c.i.embedder.EclipseLogger - Using platform encoding (UTF-8 actually) to copy filtered resources, i.e. build is platform dependent!
2014-11-17 18:09:11,320 [Worker-9] INFO  o.e.m.c.i.embedder.EclipseLogger - Copying 0 resource
2014-11-17 18:09:11,332 [Worker-9] WARN  o.e.m.c.i.embedder.EclipseLogger - Using platform encoding (UTF-8 actually) to copy filtered resources, i.e. build is platform dependent!
2014-11-17 18:09:11,334 [Worker-9] INFO  o.e.m.c.i.embedder.EclipseLogger - Copying 0 resource
2014-11-17 18:09:58,083 [Worker-5] WARN  o.e.m.c.i.embedder.EclipseLogger - Using platform encoding (UTF-8 actually) to copy filtered resources, i.e. build is platform dependent!
2014-11-17 18:09:58,085 [Worker-5] INFO  o.e.m.c.i.embedder.EclipseLogger - Copying 0 resource
2014-11-17 18:09:58,105 [Worker-5] WARN  o.e.m.c.i.embedder.EclipseLogger - Using platform encoding (UTF-8 actually) to copy filtered resources, i.e. build is platform dependent!
2014-11-17 18:09:58,111 [Worker-5] INFO  o.e.m.c.i.embedder.EclipseLogger - Copying 0 resource
2014-11-17 18:16:57,013 [Worker-9] WARN  o.e.m.c.i.embedder.EclipseLogger - Using platform encoding (UTF-8 actually) to copy filtered resources, i.e. build is platform dependent!
2014-11-17 18:16:57,023 [Worker-9] INFO  o.e.m.c.i.embedder.EclipseLogger - Copying 0 resource
2014-11-17 18:16:57,039 [Worker-9] WARN  o.e.m.c.i.embedder.EclipseLogger - Using platform encoding (UTF-8 actually) to copy filtered resources, i.e. build is platform dependent!
2014-11-17 18:16:57,040 [Worker-9] INFO  o.e.m.c.i.embedder.EclipseLogger - Copying 0 resource
2014-11-17 18:20:29,538 [Worker-10] WARN  o.e.m.c.i.embedder.EclipseLogger - Using platform encoding (UTF-8 actually) to copy filtered resources, i.e. build is platform dependent!
2014-11-17 18:20:29,544 [Worker-10] INFO  o.e.m.c.i.embedder.EclipseLogger - Copying 0 resource
2014-11-17 18:20:29,573 [Worker-10] WARN  o.e.m.c.i.embedder.EclipseLogger - Using platform encoding (UTF-8 actually) to copy filtered resources, i.e. build is platform dependent!
2014-11-17 18:20:29,574 [Worker-10] INFO  o.e.m.c.i.embedder.EclipseLogger - Copying 0 resource
2014-11-17 18:20:52,719 [Worker-1] WARN  o.e.m.c.i.embedder.EclipseLogger - Using platform encoding (UTF-8 actually) to copy filtered resources, i.e. build is platform dependent!
2014-11-17 18:20:52,732 [Worker-1] INFO  o.e.m.c.i.embedder.EclipseLogger - Copying 0 resource
2014-11-17 18:20:52,754 [Worker-1] WARN  o.e.m.c.i.embedder.EclipseLogger - Using platform encoding (UTF-8 actually) to copy filtered resources, i.e. build is platform dependent!
2014-11-17 18:20:52,756 [Worker-1] INFO  o.e.m.c.i.embedder.EclipseLogger - Copying 0 resource
2014-11-17 18:20:53,778 [main] WARN  o.e.r.i.c.rcp.TypeBindingAnalyzer - Can't handle class org.eclipse.jdt.internal.compiler.ast.BinaryExpression as parent of completion location.
2014-11-17 18:21:17,723 [Worker-1] WARN  o.e.m.c.i.embedder.EclipseLogger - Using platform encoding (UTF-8 actually) to copy filtered resources, i.e. build is platform dependent!
2014-11-17 18:21:17,726 [Worker-1] INFO  o.e.m.c.i.embedder.EclipseLogger - Copying 0 resource
2014-11-17 18:21:17,737 [Worker-1] WARN  o.e.m.c.i.embedder.EclipseLogger - Using platform encoding (UTF-8 actually) to copy filtered resources, i.e. build is platform dependent!
2014-11-17 18:21:17,738 [Worker-1] INFO  o.e.m.c.i.embedder.EclipseLogger - Copying 0 resource
2014-11-17 18:21:30,276 [main] WARN  o.e.r.i.c.rcp.TypeBindingAnalyzer - Can't handle class org.eclipse.jdt.internal.compiler.ast.EqualExpression as parent of completion location.
2014-11-17 18:22:59,367 [Worker-9] WARN  o.e.m.c.i.embedder.EclipseLogger - Using platform encoding (UTF-8 actually) to copy filtered resources, i.e. build is platform dependent!
2014-11-17 18:22:59,379 [Worker-9] INFO  o.e.m.c.i.embedder.EclipseLogger - Copying 0 resource
2014-11-17 18:22:59,387 [Worker-9] WARN  o.e.m.c.i.embedder.EclipseLogger - Using platform encoding (UTF-8 actually) to copy filtered resources, i.e. build is platform dependent!
2014-11-17 18:22:59,388 [Worker-9] INFO  o.e.m.c.i.embedder.EclipseLogger - Copying 0 resource
2014-11-17 18:24:34,935 [Worker-5] WARN  o.e.m.c.i.embedder.EclipseLogger - Using platform encoding (UTF-8 actually) to copy filtered resources, i.e. build is platform dependent!
2014-11-17 18:24:34,956 [Worker-5] INFO  o.e.m.c.i.embedder.EclipseLogger - Copying 0 resource
2014-11-17 18:24:34,974 [Worker-5] WARN  o.e.m.c.i.embedder.EclipseLogger - Using platform encoding (UTF-8 actually) to copy filtered resources, i.e. build is platform dependent!
2014-11-17 18:24:34,976 [Worker-5] INFO  o.e.m.c.i.embedder.EclipseLogger - Copying 0 resource
2014-11-17 18:24:45,599 [Worker-1] WARN  o.e.m.c.i.embedder.EclipseLogger - Using platform encoding (UTF-8 actually) to copy filtered resources, i.e. build is platform dependent!
2014-11-17 18:24:45,611 [Worker-1] INFO  o.e.m.c.i.embedder.EclipseLogger - Copying 0 resource
2014-11-17 18:24:45,680 [Worker-1] WARN  o.e.m.c.i.embedder.EclipseLogger - Using platform encoding (UTF-8 actually) to copy filtered resources, i.e. build is platform dependent!
2014-11-17 18:24:45,682 [Worker-1] INFO  o.e.m.c.i.embedder.EclipseLogger - Copying 0 resource
2014-11-17 18:28:14,223 [Worker-9] WARN  o.e.m.c.i.embedder.EclipseLogger - Using platform encoding (UTF-8 actually) to copy filtered resources, i.e. build is platform dependent!
2014-11-17 18:28:14,240 [Worker-9] INFO  o.e.m.c.i.embedder.EclipseLogger - Copying 0 resource
2014-11-17 18:28:14,263 [Worker-9] WARN  o.e.m.c.i.embedder.EclipseLogger - Using platform encoding (UTF-8 actually) to copy filtered resources, i.e. build is platform dependent!
2014-11-17 18:28:14,265 [Worker-9] INFO  o.e.m.c.i.embedder.EclipseLogger - Copying 0 resource
2014-11-17 18:29:26,352 [Worker-11] WARN  o.e.m.c.i.embedder.EclipseLogger - Using platform encoding (UTF-8 actually) to copy filtered resources, i.e. build is platform dependent!
2014-11-17 18:29:26,360 [Worker-11] INFO  o.e.m.c.i.embedder.EclipseLogger - Copying 0 resource
2014-11-17 18:29:26,372 [Worker-11] WARN  o.e.m.c.i.embedder.EclipseLogger - Using platform encoding (UTF-8 actually) to copy filtered resources, i.e. build is platform dependent!
2014-11-17 18:29:26,379 [Worker-11] INFO  o.e.m.c.i.embedder.EclipseLogger - Copying 0 resource
2014-11-17 18:29:31,658 [Worker-5] WARN  o.e.m.c.i.embedder.EclipseLogger - Using platform encoding (UTF-8 actually) to copy filtered resources, i.e. build is platform dependent!
2014-11-17 18:29:31,660 [Worker-5] INFO  o.e.m.c.i.embedder.EclipseLogger - Copying 0 resource
2014-11-17 18:29:31,677 [Worker-5] WARN  o.e.m.c.i.embedder.EclipseLogger - Using platform encoding (UTF-8 actually) to copy filtered resources, i.e. build is platform dependent!
2014-11-17 18:29:31,679 [Worker-5] INFO  o.e.m.c.i.embedder.EclipseLogger - Copying 0 resource
2014-11-17 18:32:58,424 [Worker-10] WARN  o.e.m.c.i.embedder.EclipseLogger - Using platform encoding (UTF-8 actually) to copy filtered resources, i.e. build is platform dependent!
2014-11-17 18:32:58,433 [Worker-10] INFO  o.e.m.c.i.embedder.EclipseLogger - Copying 0 resource
2014-11-17 18:32:58,456 [Worker-10] WARN  o.e.m.c.i.embedder.EclipseLogger - Using platform encoding (UTF-8 actually) to copy filtered resources, i.e. build is platform dependent!
2014-11-17 18:32:58,457 [Worker-10] INFO  o.e.m.c.i.embedder.EclipseLogger - Copying 0 resource
2014-11-17 18:34:55,116 [Worker-1] WARN  o.e.m.c.i.embedder.EclipseLogger - Using platform encoding (UTF-8 actually) to copy filtered resources, i.e. build is platform dependent!
2014-11-17 18:34:55,132 [Worker-1] INFO  o.e.m.c.i.embedder.EclipseLogger - Copying 0 resource
2014-11-17 18:34:55,159 [Worker-1] WARN  o.e.m.c.i.embedder.EclipseLogger - Using platform encoding (UTF-8 actually) to copy filtered resources, i.e. build is platform dependent!
2014-11-17 18:34:55,161 [Worker-1] INFO  o.e.m.c.i.embedder.EclipseLogger - Copying 0 resource
2014-11-17 18:47:26,275 [Worker-15] WARN  o.e.m.c.i.embedder.EclipseLogger - Using platform encoding (UTF-8 actually) to copy filtered resources, i.e. build is platform dependent!
2014-11-17 18:47:26,286 [Worker-15] INFO  o.e.m.c.i.embedder.EclipseLogger - Copying 0 resource
2014-11-17 18:47:26,307 [Worker-15] WARN  o.e.m.c.i.embedder.EclipseLogger - Using platform encoding (UTF-8 actually) to copy filtered resources, i.e. build is platform dependent!
2014-11-17 18:47:26,313 [Worker-15] INFO  o.e.m.c.i.embedder.EclipseLogger - Copying 0 resource
2014-11-17 18:59:27,467 [Worker-13] WARN  o.e.m.c.i.embedder.EclipseLogger - Using platform encoding (UTF-8 actually) to copy filtered resources, i.e. build is platform dependent!
2014-11-17 18:59:27,493 [Worker-13] INFO  o.e.m.c.i.embedder.EclipseLogger - Copying 0 resource
2014-11-17 18:59:27,516 [Worker-13] WARN  o.e.m.c.i.embedder.EclipseLogger - Using platform encoding (UTF-8 actually) to copy filtered resources, i.e. build is platform dependent!
2014-11-17 18:59:27,518 [Worker-13] INFO  o.e.m.c.i.embedder.EclipseLogger - Copying 0 resource
2014-11-17 19:00:06,364 [Worker-1] WARN  o.e.m.c.i.embedder.EclipseLogger - Using platform encoding (UTF-8 actually) to copy filtered resources, i.e. build is platform dependent!
2014-11-17 19:00:06,387 [Worker-1] INFO  o.e.m.c.i.embedder.EclipseLogger - Copying 0 resource
2014-11-17 19:00:06,399 [Worker-1] WARN  o.e.m.c.i.embedder.EclipseLogger - Using platform encoding (UTF-8 actually) to copy filtered resources, i.e. build is platform dependent!
2014-11-17 19:00:06,402 [Worker-1] INFO  o.e.m.c.i.embedder.EclipseLogger - Copying 0 resource
2014-11-17 19:01:56,311 [Worker-17] WARN  o.e.m.c.i.embedder.EclipseLogger - Using platform encoding (UTF-8 actually) to copy filtered resources, i.e. build is platform dependent!
2014-11-17 19:01:56,327 [Worker-17] INFO  o.e.m.c.i.embedder.EclipseLogger - Copying 0 resource
2014-11-17 19:01:56,342 [Worker-17] WARN  o.e.m.c.i.embedder.EclipseLogger - Using platform encoding (UTF-8 actually) to copy filtered resources, i.e. build is platform dependent!
2014-11-17 19:01:56,344 [Worker-17] INFO  o.e.m.c.i.embedder.EclipseLogger - Copying 0 resource
2014-11-17 19:02:13,247 [Worker-1] WARN  o.e.m.c.i.embedder.EclipseLogger - Using platform encoding (UTF-8 actually) to copy filtered resources, i.e. build is platform dependent!
2014-11-17 19:02:13,253 [Worker-1] INFO  o.e.m.c.i.embedder.EclipseLogger - Copying 0 resource
2014-11-17 19:02:13,278 [Worker-1] WARN  o.e.m.c.i.embedder.EclipseLogger - Using platform encoding (UTF-8 actually) to copy filtered resources, i.e. build is platform dependent!
2014-11-17 19:02:13,282 [Worker-1] INFO  o.e.m.c.i.embedder.EclipseLogger - Copying 0 resource
2014-11-17 19:02:25,173 [Worker-1] WARN  o.e.m.c.i.embedder.EclipseLogger - Using platform encoding (UTF-8 actually) to copy filtered resources, i.e. build is platform dependent!
2014-11-17 19:02:25,177 [Worker-1] INFO  o.e.m.c.i.embedder.EclipseLogger - Copying 0 resource
2014-11-17 19:02:25,194 [Worker-1] WARN  o.e.m.c.i.embedder.EclipseLogger - Using platform encoding (UTF-8 actually) to copy filtered resources, i.e. build is platform dependent!
2014-11-17 19:02:25,200 [Worker-1] INFO  o.e.m.c.i.embedder.EclipseLogger - Copying 0 resource
2014-11-17 19:03:59,627 [Worker-16] WARN  o.e.m.c.i.embedder.EclipseLogger - Using platform encoding (UTF-8 actually) to copy filtered resources, i.e. build is platform dependent!
2014-11-17 19:03:59,645 [Worker-16] INFO  o.e.m.c.i.embedder.EclipseLogger - Copying 0 resource
2014-11-17 19:03:59,651 [Worker-16] WARN  o.e.m.c.i.embedder.EclipseLogger - Using platform encoding (UTF-8 actually) to copy filtered resources, i.e. build is platform dependent!
2014-11-17 19:03:59,652 [Worker-16] INFO  o.e.m.c.i.embedder.EclipseLogger - Copying 0 resource
2014-11-17 19:08:28,290 [Worker-17] WARN  o.e.m.c.i.embedder.EclipseLogger - Using platform encoding (UTF-8 actually) to copy filtered resources, i.e. build is platform dependent!
2014-11-17 19:08:28,292 [Worker-17] INFO  o.e.m.c.i.embedder.EclipseLogger - Copying 0 resource
2014-11-17 19:08:28,343 [Worker-17] WARN  o.e.m.c.i.embedder.EclipseLogger - Using platform encoding (UTF-8 actually) to copy filtered resources, i.e. build is platform dependent!
2014-11-17 19:08:28,356 [Worker-17] INFO  o.e.m.c.i.embedder.EclipseLogger - Copying 0 resource
2014-11-17 19:09:43,438 [Worker-17] WARN  o.e.m.c.i.embedder.EclipseLogger - Using platform encoding (UTF-8 actually) to copy filtered resources, i.e. build is platform dependent!
2014-11-17 19:09:43,445 [Worker-17] INFO  o.e.m.c.i.embedder.EclipseLogger - Copying 0 resource
2014-11-17 19:09:43,455 [Worker-17] WARN  o.e.m.c.i.embedder.EclipseLogger - Using platform encoding (UTF-8 actually) to copy filtered resources, i.e. build is platform dependent!
2014-11-17 19:09:43,456 [Worker-17] INFO  o.e.m.c.i.embedder.EclipseLogger - Copying 0 resource
2014-11-17 19:09:55,981 [Worker-15] WARN  o.e.m.c.i.embedder.EclipseLogger - Using platform encoding (UTF-8 actually) to copy filtered resources, i.e. build is platform dependent!
2014-11-17 19:09:55,998 [Worker-15] INFO  o.e.m.c.i.embedder.EclipseLogger - Copying 0 resource
2014-11-17 19:09:56,006 [Worker-15] WARN  o.e.m.c.i.embedder.EclipseLogger - Using platform encoding (UTF-8 actually) to copy filtered resources, i.e. build is platform dependent!
2014-11-17 19:09:56,010 [Worker-15] INFO  o.e.m.c.i.embedder.EclipseLogger - Copying 0 resource
2014-11-17 19:16:10,887 [Worker-18] WARN  o.e.m.c.i.embedder.EclipseLogger - Using platform encoding (UTF-8 actually) to copy filtered resources, i.e. build is platform dependent!
2014-11-17 19:16:10,891 [Worker-18] INFO  o.e.m.c.i.embedder.EclipseLogger - Copying 0 resource
2014-11-17 19:16:10,901 [Worker-18] WARN  o.e.m.c.i.embedder.EclipseLogger - Using platform encoding (UTF-8 actually) to copy filtered resources, i.e. build is platform dependent!
2014-11-17 19:16:10,904 [Worker-18] INFO  o.e.m.c.i.embedder.EclipseLogger - Copying 0 resource
2014-11-17 19:19:33,161 [Worker-1] WARN  o.e.m.c.i.embedder.EclipseLogger - Using platform encoding (UTF-8 actually) to copy filtered resources, i.e. build is platform dependent!
2014-11-17 19:19:33,175 [Worker-1] INFO  o.e.m.c.i.embedder.EclipseLogger - Copying 0 resource
2014-11-17 19:19:33,199 [Worker-1] WARN  o.e.m.c.i.embedder.EclipseLogger - Using platform encoding (UTF-8 actually) to copy filtered resources, i.e. build is platform dependent!
2014-11-17 19:19:33,206 [Worker-1] INFO  o.e.m.c.i.embedder.EclipseLogger - Copying 0 resource
2014-11-17 19:19:55,119 [Worker-20] WARN  o.e.m.c.i.embedder.EclipseLogger - Using platform encoding (UTF-8 actually) to copy filtered resources, i.e. build is platform dependent!
2014-11-17 19:19:55,121 [Worker-20] INFO  o.e.m.c.i.embedder.EclipseLogger - Copying 0 resource
2014-11-17 19:19:55,133 [Worker-20] WARN  o.e.m.c.i.embedder.EclipseLogger - Using platform encoding (UTF-8 actually) to copy filtered resources, i.e. build is platform dependent!
2014-11-17 19:19:55,140 [Worker-20] INFO  o.e.m.c.i.embedder.EclipseLogger - Copying 0 resource
2014-11-17 19:28:43,362 [Worker-20] WARN  o.e.m.c.i.embedder.EclipseLogger - Using platform encoding (UTF-8 actually) to copy filtered resources, i.e. build is platform dependent!
2014-11-17 19:28:43,366 [Worker-20] INFO  o.e.m.c.i.embedder.EclipseLogger - Copying 0 resource
2014-11-17 19:28:43,387 [Worker-20] WARN  o.e.m.c.i.embedder.EclipseLogger - Using platform encoding (UTF-8 actually) to copy filtered resources, i.e. build is platform dependent!
2014-11-17 19:28:43,389 [Worker-20] INFO  o.e.m.c.i.embedder.EclipseLogger - Copying 0 resource
2014-11-17 19:28:56,433 [Worker-20] WARN  o.e.m.c.i.embedder.EclipseLogger - Using platform encoding (UTF-8 actually) to copy filtered resources, i.e. build is platform dependent!
2014-11-17 19:28:56,435 [Worker-20] INFO  o.e.m.c.i.embedder.EclipseLogger - Copying 0 resource
2014-11-17 19:28:56,458 [Worker-20] WARN  o.e.m.c.i.embedder.EclipseLogger - Using platform encoding (UTF-8 actually) to copy filtered resources, i.e. build is platform dependent!
2014-11-17 19:28:56,460 [Worker-20] INFO  o.e.m.c.i.embedder.EclipseLogger - Copying 0 resource
2014-11-17 19:30:53,333 [Worker-22] WARN  o.e.m.c.i.embedder.EclipseLogger - Using platform encoding (UTF-8 actually) to copy filtered resources, i.e. build is platform dependent!
2014-11-17 19:30:53,343 [Worker-22] INFO  o.e.m.c.i.embedder.EclipseLogger - Copying 0 resource
2014-11-17 19:30:53,364 [Worker-22] WARN  o.e.m.c.i.embedder.EclipseLogger - Using platform encoding (UTF-8 actually) to copy filtered resources, i.e. build is platform dependent!
2014-11-17 19:30:53,370 [Worker-22] INFO  o.e.m.c.i.embedder.EclipseLogger - Copying 0 resource
2014-11-17 19:31:45,401 [Worker-20] WARN  o.e.m.c.i.embedder.EclipseLogger - Using platform encoding (UTF-8 actually) to copy filtered resources, i.e. build is platform dependent!
2014-11-17 19:31:45,404 [Worker-20] INFO  o.e.m.c.i.embedder.EclipseLogger - Copying 0 resource
2014-11-17 19:31:45,417 [Worker-20] WARN  o.e.m.c.i.embedder.EclipseLogger - Using platform encoding (UTF-8 actually) to copy filtered resources, i.e. build is platform dependent!
2014-11-17 19:31:45,419 [Worker-20] INFO  o.e.m.c.i.embedder.EclipseLogger - Copying 0 resource
2014-11-17 19:33:36,541 [Worker-17] WARN  o.e.m.c.i.embedder.EclipseLogger - Using platform encoding (UTF-8 actually) to copy filtered resources, i.e. build is platform dependent!
2014-11-17 19:33:36,548 [Worker-17] INFO  o.e.m.c.i.embedder.EclipseLogger - Copying 0 resource
2014-11-17 19:33:36,559 [Worker-17] WARN  o.e.m.c.i.embedder.EclipseLogger - Using platform encoding (UTF-8 actually) to copy filtered resources, i.e. build is platform dependent!
2014-11-17 19:33:36,561 [Worker-17] INFO  o.e.m.c.i.embedder.EclipseLogger - Copying 0 resource
2014-11-17 19:37:50,459 [Worker-20] WARN  o.e.m.c.i.embedder.EclipseLogger - Using platform encoding (UTF-8 actually) to copy filtered resources, i.e. build is platform dependent!
2014-11-17 19:37:50,466 [Worker-20] INFO  o.e.m.c.i.embedder.EclipseLogger - Copying 0 resource
2014-11-17 19:37:50,478 [Worker-20] WARN  o.e.m.c.i.embedder.EclipseLogger - Using platform encoding (UTF-8 actually) to copy filtered resources, i.e. build is platform dependent!
2014-11-17 19:37:50,485 [Worker-20] INFO  o.e.m.c.i.embedder.EclipseLogger - Copying 0 resource
2014-11-17 19:38:08,127 [Worker-18] WARN  o.e.m.c.i.embedder.EclipseLogger - Using platform encoding (UTF-8 actually) to copy filtered resources, i.e. build is platform dependent!
2014-11-17 19:38:08,136 [Worker-18] INFO  o.e.m.c.i.embedder.EclipseLogger - Copying 0 resource
2014-11-17 19:38:08,147 [Worker-18] WARN  o.e.m.c.i.embedder.EclipseLogger - Using platform encoding (UTF-8 actually) to copy filtered resources, i.e. build is platform dependent!
2014-11-17 19:38:08,150 [Worker-18] INFO  o.e.m.c.i.embedder.EclipseLogger - Copying 0 resource
2014-11-17 19:39:10,097 [Worker-18] WARN  o.e.m.c.i.embedder.EclipseLogger - Using platform encoding (UTF-8 actually) to copy filtered resources, i.e. build is platform dependent!
2014-11-17 19:39:10,105 [Worker-18] INFO  o.e.m.c.i.embedder.EclipseLogger - Copying 0 resource
2014-11-17 19:39:10,123 [Worker-18] WARN  o.e.m.c.i.embedder.EclipseLogger - Using platform encoding (UTF-8 actually) to copy filtered resources, i.e. build is platform dependent!
2014-11-17 19:39:10,131 [Worker-18] INFO  o.e.m.c.i.embedder.EclipseLogger - Copying 0 resource
2014-11-17 19:39:27,748 [Worker-17] WARN  o.e.m.c.i.embedder.EclipseLogger - Using platform encoding (UTF-8 actually) to copy filtered resources, i.e. build is platform dependent!
2014-11-17 19:39:27,757 [Worker-17] INFO  o.e.m.c.i.embedder.EclipseLogger - Copying 0 resource
2014-11-17 19:39:27,767 [Worker-17] WARN  o.e.m.c.i.embedder.EclipseLogger - Using platform encoding (UTF-8 actually) to copy filtered resources, i.e. build is platform dependent!
2014-11-17 19:39:27,777 [Worker-17] INFO  o.e.m.c.i.embedder.EclipseLogger - Copying 0 resource
2014-11-17 19:40:16,403 [Worker-25] WARN  o.e.m.c.i.embedder.EclipseLogger - Using platform encoding (UTF-8 actually) to copy filtered resources, i.e. build is platform dependent!
2014-11-17 19:40:16,406 [Worker-25] INFO  o.e.m.c.i.embedder.EclipseLogger - Copying 0 resource
2014-11-17 19:40:16,419 [Worker-25] WARN  o.e.m.c.i.embedder.EclipseLogger - Using platform encoding (UTF-8 actually) to copy filtered resources, i.e. build is platform dependent!
2014-11-17 19:40:16,420 [Worker-25] INFO  o.e.m.c.i.embedder.EclipseLogger - Copying 0 resource
2014-11-17 19:40:56,787 [Worker-19] WARN  o.e.m.c.i.embedder.EclipseLogger - Using platform encoding (UTF-8 actually) to copy filtered resources, i.e. build is platform dependent!
2014-11-17 19:40:56,789 [Worker-19] INFO  o.e.m.c.i.embedder.EclipseLogger - Copying 0 resource
2014-11-17 19:40:56,801 [Worker-19] WARN  o.e.m.c.i.embedder.EclipseLogger - Using platform encoding (UTF-8 actually) to copy filtered resources, i.e. build is platform dependent!
2014-11-17 19:40:56,811 [Worker-19] INFO  o.e.m.c.i.embedder.EclipseLogger - Copying 0 resource
2014-11-17 19:41:16,073 [Worker-18] WARN  o.e.m.c.i.embedder.EclipseLogger - Using platform encoding (UTF-8 actually) to copy filtered resources, i.e. build is platform dependent!
2014-11-17 19:41:16,086 [Worker-18] INFO  o.e.m.c.i.embedder.EclipseLogger - Copying 0 resource
2014-11-17 19:41:16,090 [Worker-18] WARN  o.e.m.c.i.embedder.EclipseLogger - Using platform encoding (UTF-8 actually) to copy filtered resources, i.e. build is platform dependent!
2014-11-17 19:41:16,092 [Worker-18] INFO  o.e.m.c.i.embedder.EclipseLogger - Copying 0 resource
2014-11-17 19:43:09,191 [Worker-19] WARN  o.e.m.c.i.embedder.EclipseLogger - Using platform encoding (UTF-8 actually) to copy filtered resources, i.e. build is platform dependent!
2014-11-17 19:43:09,204 [Worker-19] INFO  o.e.m.c.i.embedder.EclipseLogger - Copying 0 resource
2014-11-17 19:43:09,231 [Worker-19] WARN  o.e.m.c.i.embedder.EclipseLogger - Using platform encoding (UTF-8 actually) to copy filtered resources, i.e. build is platform dependent!
2014-11-17 19:43:09,233 [Worker-19] INFO  o.e.m.c.i.embedder.EclipseLogger - Copying 0 resource
2014-11-17 19:44:15,672 [Worker-18] WARN  o.e.m.c.i.embedder.EclipseLogger - Using platform encoding (UTF-8 actually) to copy filtered resources, i.e. build is platform dependent!
2014-11-17 19:44:15,680 [Worker-18] INFO  o.e.m.c.i.embedder.EclipseLogger - Copying 0 resource
2014-11-17 19:44:15,689 [Worker-18] WARN  o.e.m.c.i.embedder.EclipseLogger - Using platform encoding (UTF-8 actually) to copy filtered resources, i.e. build is platform dependent!
2014-11-17 19:44:15,693 [Worker-18] INFO  o.e.m.c.i.embedder.EclipseLogger - Copying 0 resource
2014-11-17 19:44:41,159 [Worker-25] WARN  o.e.m.c.i.embedder.EclipseLogger - Using platform encoding (UTF-8 actually) to copy filtered resources, i.e. build is platform dependent!
2014-11-17 19:44:41,165 [Worker-25] INFO  o.e.m.c.i.embedder.EclipseLogger - Copying 0 resource
2014-11-17 19:44:41,173 [Worker-25] WARN  o.e.m.c.i.embedder.EclipseLogger - Using platform encoding (UTF-8 actually) to copy filtered resources, i.e. build is platform dependent!
2014-11-17 19:44:41,176 [Worker-25] INFO  o.e.m.c.i.embedder.EclipseLogger - Copying 0 resource
2014-11-17 19:51:48,241 [Worker-26] WARN  o.e.m.c.i.embedder.EclipseLogger - Using platform encoding (UTF-8 actually) to copy filtered resources, i.e. build is platform dependent!
2014-11-17 19:51:48,247 [Worker-26] INFO  o.e.m.c.i.embedder.EclipseLogger - Copying 0 resource
2014-11-17 19:51:48,268 [Worker-26] WARN  o.e.m.c.i.embedder.EclipseLogger - Using platform encoding (UTF-8 actually) to copy filtered resources, i.e. build is platform dependent!
2014-11-17 19:51:48,270 [Worker-26] INFO  o.e.m.c.i.embedder.EclipseLogger - Copying 0 resource
2014-11-17 19:55:54,926 [Worker-28] WARN  o.e.m.c.i.embedder.EclipseLogger - Using platform encoding (UTF-8 actually) to copy filtered resources, i.e. build is platform dependent!
2014-11-17 19:55:54,928 [Worker-28] INFO  o.e.m.c.i.embedder.EclipseLogger - Copying 0 resource
2014-11-17 19:55:54,965 [Worker-28] WARN  o.e.m.c.i.embedder.EclipseLogger - Using platform encoding (UTF-8 actually) to copy filtered resources, i.e. build is platform dependent!
2014-11-17 19:55:54,976 [Worker-28] INFO  o.e.m.c.i.embedder.EclipseLogger - Copying 0 resource
2014-11-17 19:56:52,631 [Worker-28] WARN  o.e.m.c.i.embedder.EclipseLogger - Using platform encoding (UTF-8 actually) to copy filtered resources, i.e. build is platform dependent!
2014-11-17 19:56:52,633 [Worker-28] INFO  o.e.m.c.i.embedder.EclipseLogger - Copying 0 resource
2014-11-17 19:56:52,648 [Worker-28] WARN  o.e.m.c.i.embedder.EclipseLogger - Using platform encoding (UTF-8 actually) to copy filtered resources, i.e. build is platform dependent!
2014-11-17 19:56:52,659 [Worker-28] INFO  o.e.m.c.i.embedder.EclipseLogger - Copying 0 resource
2014-11-17 19:59:48,783 [Worker-25] WARN  o.e.m.c.i.embedder.EclipseLogger - Using platform encoding (UTF-8 actually) to copy filtered resources, i.e. build is platform dependent!
2014-11-17 19:59:48,794 [Worker-25] INFO  o.e.m.c.i.embedder.EclipseLogger - Copying 0 resource
2014-11-17 19:59:48,807 [Worker-25] WARN  o.e.m.c.i.embedder.EclipseLogger - Using platform encoding (UTF-8 actually) to copy filtered resources, i.e. build is platform dependent!
2014-11-17 19:59:48,808 [Worker-25] INFO  o.e.m.c.i.embedder.EclipseLogger - Copying 0 resource
2014-11-17 20:01:19,899 [Worker-29] WARN  o.e.m.c.i.embedder.EclipseLogger - Using platform encoding (UTF-8 actually) to copy filtered resources, i.e. build is platform dependent!
2014-11-17 20:01:19,904 [Worker-29] INFO  o.e.m.c.i.embedder.EclipseLogger - Copying 0 resource
2014-11-17 20:01:19,909 [Worker-29] WARN  o.e.m.c.i.embedder.EclipseLogger - Using platform encoding (UTF-8 actually) to copy filtered resources, i.e. build is platform dependent!
2014-11-17 20:01:19,910 [Worker-29] INFO  o.e.m.c.i.embedder.EclipseLogger - Copying 0 resource
2014-11-17 20:01:39,047 [Worker-25] WARN  o.e.m.c.i.embedder.EclipseLogger - Using platform encoding (UTF-8 actually) to copy filtered resources, i.e. build is platform dependent!
2014-11-17 20:01:39,056 [Worker-25] INFO  o.e.m.c.i.embedder.EclipseLogger - Copying 0 resource
2014-11-17 20:01:39,067 [Worker-25] WARN  o.e.m.c.i.embedder.EclipseLogger - Using platform encoding (UTF-8 actually) to copy filtered resources, i.e. build is platform dependent!
2014-11-17 20:01:39,068 [Worker-25] INFO  o.e.m.c.i.embedder.EclipseLogger - Copying 0 resource
2014-11-17 20:02:18,675 [Worker-29] WARN  o.e.m.c.i.embedder.EclipseLogger - Using platform encoding (UTF-8 actually) to copy filtered resources, i.e. build is platform dependent!
2014-11-17 20:02:18,676 [Worker-29] INFO  o.e.m.c.i.embedder.EclipseLogger - Copying 0 resource
2014-11-17 20:02:18,685 [Worker-29] WARN  o.e.m.c.i.embedder.EclipseLogger - Using platform encoding (UTF-8 actually) to copy filtered resources, i.e. build is platform dependent!
2014-11-17 20:02:18,687 [Worker-29] INFO  o.e.m.c.i.embedder.EclipseLogger - Copying 0 resource
2014-11-17 20:02:51,968 [Worker-25] WARN  o.e.m.c.i.embedder.EclipseLogger - Using platform encoding (UTF-8 actually) to copy filtered resources, i.e. build is platform dependent!
2014-11-17 20:02:51,979 [Worker-25] INFO  o.e.m.c.i.embedder.EclipseLogger - Copying 0 resource
2014-11-17 20:02:51,985 [Worker-25] WARN  o.e.m.c.i.embedder.EclipseLogger - Using platform encoding (UTF-8 actually) to copy filtered resources, i.e. build is platform dependent!
2014-11-17 20:02:51,987 [Worker-25] INFO  o.e.m.c.i.embedder.EclipseLogger - Copying 0 resource
2014-11-17 20:03:16,787 [Worker-29] WARN  o.e.m.c.i.embedder.EclipseLogger - Using platform encoding (UTF-8 actually) to copy filtered resources, i.e. build is platform dependent!
2014-11-17 20:03:16,789 [Worker-29] INFO  o.e.m.c.i.embedder.EclipseLogger - Copying 0 resource
2014-11-17 20:03:16,794 [Worker-29] WARN  o.e.m.c.i.embedder.EclipseLogger - Using platform encoding (UTF-8 actually) to copy filtered resources, i.e. build is platform dependent!
2014-11-17 20:03:16,796 [Worker-29] INFO  o.e.m.c.i.embedder.EclipseLogger - Copying 0 resource
2014-11-17 20:03:42,370 [Worker-26] WARN  o.e.m.c.i.embedder.EclipseLogger - Using platform encoding (UTF-8 actually) to copy filtered resources, i.e. build is platform dependent!
2014-11-17 20:03:42,373 [Worker-26] INFO  o.e.m.c.i.embedder.EclipseLogger - Copying 0 resource
2014-11-17 20:03:42,399 [Worker-26] WARN  o.e.m.c.i.embedder.EclipseLogger - Using platform encoding (UTF-8 actually) to copy filtered resources, i.e. build is platform dependent!
2014-11-17 20:03:42,414 [Worker-26] INFO  o.e.m.c.i.embedder.EclipseLogger - Copying 0 resource
2014-11-17 20:04:40,750 [Worker-28] WARN  o.e.m.c.i.embedder.EclipseLogger - Using platform encoding (UTF-8 actually) to copy filtered resources, i.e. build is platform dependent!
2014-11-17 20:04:40,767 [Worker-28] INFO  o.e.m.c.i.embedder.EclipseLogger - Copying 0 resource
2014-11-17 20:04:40,777 [Worker-28] WARN  o.e.m.c.i.embedder.EclipseLogger - Using platform encoding (UTF-8 actually) to copy filtered resources, i.e. build is platform dependent!
2014-11-17 20:04:40,778 [Worker-28] INFO  o.e.m.c.i.embedder.EclipseLogger - Copying 0 resource
2014-11-17 20:05:34,793 [Worker-26] WARN  o.e.m.c.i.embedder.EclipseLogger - Using platform encoding (UTF-8 actually) to copy filtered resources, i.e. build is platform dependent!
2014-11-17 20:05:34,801 [Worker-26] INFO  o.e.m.c.i.embedder.EclipseLogger - Copying 0 resource
2014-11-17 20:05:34,807 [Worker-26] WARN  o.e.m.c.i.embedder.EclipseLogger - Using platform encoding (UTF-8 actually) to copy filtered resources, i.e. build is platform dependent!
2014-11-17 20:05:34,809 [Worker-26] INFO  o.e.m.c.i.embedder.EclipseLogger - Copying 0 resource
2014-11-17 20:05:48,397 [Worker-18] WARN  o.e.m.c.i.embedder.EclipseLogger - Using platform encoding (UTF-8 actually) to copy filtered resources, i.e. build is platform dependent!
2014-11-17 20:05:48,399 [Worker-18] INFO  o.e.m.c.i.embedder.EclipseLogger - Copying 0 resource
2014-11-17 20:05:48,405 [Worker-18] WARN  o.e.m.c.i.embedder.EclipseLogger - Using platform encoding (UTF-8 actually) to copy filtered resources, i.e. build is platform dependent!
2014-11-17 20:05:48,406 [Worker-18] INFO  o.e.m.c.i.embedder.EclipseLogger - Copying 0 resource
2014-11-17 20:05:51,169 [Worker-25] WARN  o.e.m.c.i.embedder.EclipseLogger - Using platform encoding (UTF-8 actually) to copy filtered resources, i.e. build is platform dependent!
2014-11-17 20:05:51,171 [Worker-25] INFO  o.e.m.c.i.embedder.EclipseLogger - Copying 0 resource
2014-11-17 20:05:51,188 [Worker-25] WARN  o.e.m.c.i.embedder.EclipseLogger - Using platform encoding (UTF-8 actually) to copy filtered resources, i.e. build is platform dependent!
2014-11-17 20:05:51,195 [Worker-25] INFO  o.e.m.c.i.embedder.EclipseLogger - Copying 0 resource
